  Decoder.cpp
  DNA.cpp
D:\KSA\R&E\DDDS_RandomAccessSystem\DDDS System\DNA_SimpleEditor\DNA_SimpleEditor\DNA.cpp(29,40): warning C4267: '+=': conversion from 'size_t' to 'int', possible loss of data
D:\KSA\R&E\DDDS_RandomAccessSystem\DDDS System\DNA_SimpleEditor\DNA_SimpleEditor\DNA.cpp(31,23): warning C4267: '-=': conversion from 'size_t' to 'int', possible loss of data
D:\KSA\R&E\DDDS_RandomAccessSystem\DDDS System\DNA_SimpleEditor\DNA_SimpleEditor\DNA.cpp(41,3): warning C4267: 'initializing': conversion from 'size_t' to 'int', possible loss of data
D:\KSA\R&E\DDDS_RandomAccessSystem\DDDS System\DNA_SimpleEditor\DNA_SimpleEditor\DNA.cpp(188,68): warning C4267: 'argument': conversion from 'size_t' to 'int', possible loss of data
D:\KSA\R&E\DDDS_RandomAccessSystem\DDDS System\DNA_SimpleEditor\DNA_SimpleEditor\DNA.cpp(212,36): warning C4267: '=': conversion from 'size_t' to 'int', possible loss of data
D:\KSA\R&E\DDDS_RandomAccessSystem\DDDS System\DNA_SimpleEditor\DNA_SimpleEditor\DNA.cpp(237,46): warning C4267: 'initializing': conversion from 'size_t' to 'int', possible loss of data
D:\KSA\R&E\DDDS_RandomAccessSystem\DDDS System\DNA_SimpleEditor\DNA_SimpleEditor\DNA.cpp(238,46): warning C4267: 'initializing': conversion from 'size_t' to 'int', possible loss of data
D:\KSA\R&E\DDDS_RandomAccessSystem\DDDS System\DNA_Editor\ezpwd\rs_base(810,50): warning C4244: 'argument': conversion from '__int64' to 'int', possible loss of data
D:\KSA\R&E\DDDS_RandomAccessSystem\DDDS System\DNA_Editor\ezpwd\rs_base(806,1): message : while compiling class template member function 'int ezpwd::reed_solomon<uint8_t,8,5,1,1,ezpwd::gfpoly<8,285>>::decode(const std::pair<uint32_t *,uint32_t *> &,const std::pair<uint32_t *,uint32_t *> &,const std::vector<int,std::allocator<int>> &,std::vector<int,std::allocator<int>> *) const'
D:\KSA\R&E\DDDS_RandomAccessSystem\DDDS System\DNA_Editor\ezpwd\rs(80): message : see reference to class template instantiation 'ezpwd::reed_solomon<uint8_t,8,5,1,1,ezpwd::gfpoly<8,285>>' being compiled
D:\KSA\R&E\DDDS_RandomAccessSystem\DDDS System\DNA_SimpleEditor\DNA_SimpleEditor\DNA.cpp(301,11): message : see reference to class template instantiation 'ezpwd::RS<255,250>' being compiled
D:\KSA\R&E\DDDS_RandomAccessSystem\DDDS System\DNA_Editor\ezpwd\rs_base(793,50): warning C4244: 'argument': conversion from '__int64' to 'int', possible loss of data
D:\KSA\R&E\DDDS_RandomAccessSystem\DDDS System\DNA_Editor\ezpwd\rs_base(792,1): message : while compiling class template member function 'int ezpwd::reed_solomon<uint8_t,8,5,1,1,ezpwd::gfpoly<8,285>>::decode(const std::pair<uint32_t *,uint32_t *> &,const std::vector<int,std::allocator<int>> &,std::vector<int,std::allocator<int>> *) const'
D:\KSA\R&E\DDDS_RandomAccessSystem\DDDS System\DNA_Editor\ezpwd\rs_base(781,50): warning C4244: 'argument': conversion from '__int64' to 'int', possible loss of data
D:\KSA\R&E\DDDS_RandomAccessSystem\DDDS System\DNA_Editor\ezpwd\rs_base(777,1): message : while compiling class template member function 'int ezpwd::reed_solomon<uint8_t,8,5,1,1,ezpwd::gfpoly<8,285>>::decode(const std::pair<uint16_t *,uint16_t *> &,const std::pair<uint16_t *,uint16_t *> &,const std::vector<int,std::allocator<int>> &,std::vector<int,std::allocator<int>> *) const'
D:\KSA\R&E\DDDS_RandomAccessSystem\DDDS System\DNA_Editor\ezpwd\rs_base(764,50): warning C4244: 'argument': conversion from '__int64' to 'int', possible loss of data
D:\KSA\R&E\DDDS_RandomAccessSystem\DDDS System\DNA_Editor\ezpwd\rs_base(763,1): message : while compiling class template member function 'int ezpwd::reed_solomon<uint8_t,8,5,1,1,ezpwd::gfpoly<8,285>>::decode(const std::pair<uint16_t *,uint16_t *> &,const std::vector<int,std::allocator<int>> &,std::vector<int,std::allocator<int>> *) const'
D:\KSA\R&E\DDDS_RandomAccessSystem\DDDS System\DNA_Editor\ezpwd\rs_base(752,50): warning C4244: 'argument': conversion from '__int64' to 'int', possible loss of data
D:\KSA\R&E\DDDS_RandomAccessSystem\DDDS System\DNA_Editor\ezpwd\rs_base(748,1): message : while compiling class template member function 'int ezpwd::reed_solomon<uint8_t,8,5,1,1,ezpwd::gfpoly<8,285>>::decode(const std::pair<uint8_t *,uint8_t *> &,const std::pair<uint8_t *,uint8_t *> &,const std::vector<int,std::allocator<int>> &,std::vector<int,std::allocator<int>> *) const'
D:\KSA\R&E\DDDS_RandomAccessSystem\DDDS System\DNA_Editor\ezpwd\rs_base(735,50): warning C4244: 'argument': conversion from '__int64' to 'int', possible loss of data
D:\KSA\R&E\DDDS_RandomAccessSystem\DDDS System\DNA_Editor\ezpwd\rs_base(734,1): message : while compiling class template member function 'int ezpwd::reed_solomon<uint8_t,8,5,1,1,ezpwd::gfpoly<8,285>>::decode(const std::pair<uint8_t *,uint8_t *> &,const std::vector<int,std::allocator<int>> &,std::vector<int,std::allocator<int>> *) const'
D:\KSA\R&E\DDDS_RandomAccessSystem\DDDS System\DNA_Editor\ezpwd\rs_base(678,50): warning C4244: 'argument': conversion from '__int64' to 'int', possible loss of data
D:\KSA\R&E\DDDS_RandomAccessSystem\DDDS System\DNA_Editor\ezpwd\rs_base(674,1): message : while compiling class template member function 'int ezpwd::reed_solomon<uint8_t,8,5,1,1,ezpwd::gfpoly<8,285>>::encode(const std::pair<const uint32_t *,const uint32_t *> &,const std::pair<uint32_t *,uint32_t *> &) const'
D:\KSA\R&E\DDDS_RandomAccessSystem\DDDS System\DNA_Editor\ezpwd\rs_base(665,63): warning C4244: 'argument': conversion from '__int64' to 'int', possible loss of data
D:\KSA\R&E\DDDS_RandomAccessSystem\DDDS System\DNA_Editor\ezpwd\rs_base(664,1): message : while compiling class template member function 'int ezpwd::reed_solomon<uint8_t,8,5,1,1,ezpwd::gfpoly<8,285>>::encode(const std::pair<uint32_t *,uint32_t *> &) const'
D:\KSA\R&E\DDDS_RandomAccessSystem\DDDS System\DNA_Editor\ezpwd\rs_base(657,50): warning C4244: 'argument': conversion from '__int64' to 'int', possible loss of data
D:\KSA\R&E\DDDS_RandomAccessSystem\DDDS System\DNA_Editor\ezpwd\rs_base(653,1): message : while compiling class template member function 'int ezpwd::reed_solomon<uint8_t,8,5,1,1,ezpwd::gfpoly<8,285>>::encode(const std::pair<const uint16_t *,const uint16_t *> &,const std::pair<uint16_t *,uint16_t *> &) const'
D:\KSA\R&E\DDDS_RandomAccessSystem\DDDS System\DNA_Editor\ezpwd\rs_base(644,63): warning C4244: 'argument': conversion from '__int64' to 'int', possible loss of data
D:\KSA\R&E\DDDS_RandomAccessSystem\DDDS System\DNA_Editor\ezpwd\rs_base(643,1): message : while compiling class template member function 'int ezpwd::reed_solomon<uint8_t,8,5,1,1,ezpwd::gfpoly<8,285>>::encode(const std::pair<uint16_t *,uint16_t *> &) const'
D:\KSA\R&E\DDDS_RandomAccessSystem\DDDS System\DNA_Editor\ezpwd\rs_base(636,50): warning C4244: 'argument': conversion from '__int64' to 'int', possible loss of data
D:\KSA\R&E\DDDS_RandomAccessSystem\DDDS System\DNA_Editor\ezpwd\rs_base(632,1): message : while compiling class template member function 'int ezpwd::reed_solomon<uint8_t,8,5,1,1,ezpwd::gfpoly<8,285>>::encode(const std::pair<const uint8_t *,const uint8_t *> &,const std::pair<uint8_t *,uint8_t *> &) const'
D:\KSA\R&E\DDDS_RandomAccessSystem\DDDS System\DNA_Editor\ezpwd\rs_base(623,63): warning C4244: 'argument': conversion from '__int64' to 'int', possible loss of data
D:\KSA\R&E\DDDS_RandomAccessSystem\DDDS System\DNA_Editor\ezpwd\rs_base(622,1): message : while compiling class template member function 'int ezpwd::reed_solomon<uint8_t,8,5,1,1,ezpwd::gfpoly<8,285>>::encode(const std::pair<uint8_t *,uint8_t *> &) const'
D:\KSA\R&E\DDDS_RandomAccessSystem\DDDS System\DNA_Editor\ezpwd\rs_base(886,1): warning C4267: 'argument': conversion from 'size_t' to 'int', possible loss of data
D:\KSA\R&E\DDDS_RandomAccessSystem\DDDS System\DNA_Editor\ezpwd\rs_base(811,1): message : see reference to function template instantiation 'int ezpwd::reed_solomon<uint8_t,8,5,1,1,ezpwd::gfpoly<8,285>>::decode_mask<uint32_t>(INP *,int,INP *,const std::vector<int,std::allocator<int>> &,std::vector<int,std::allocator<int>> *) const' being compiled
          with
          [
              INP=uint32_t
          ]
D:\KSA\R&E\DDDS_RandomAccessSystem\DDDS System\DNA_Editor\ezpwd\rs_base(810,6): message : see reference to function template instantiation 'int ezpwd::reed_solomon<uint8_t,8,5,1,1,ezpwd::gfpoly<8,285>>::decode_mask<uint32_t>(INP *,int,INP *,const std::vector<int,std::allocator<int>> &,std::vector<int,std::allocator<int>> *) const' being compiled
          with
          [
              INP=uint32_t
          ]
D:\KSA\R&E\DDDS_RandomAccessSystem\DDDS System\DNA_Editor\ezpwd\rs_base(806,1): message : while compiling class template member function 'int ezpwd::reed_solomon<uint8_t,8,5,1,1,ezpwd::gfpoly<8,285>>::decode(const std::pair<uint32_t *,uint32_t *> &,const std::pair<uint32_t *,uint32_t *> &,const std::vector<int,std::allocator<int>> &,std::vector<int,std::allocator<int>> *) const'
D:\KSA\R&E\DDDS_RandomAccessSystem\DDDS System\DNA_Editor\ezpwd\rs_base(862,32): warning C4244: '=': conversion from 'INP' to '_Ty', possible loss of data
          with
          [
              INP=uint16_t
          ]
          and
          [
              _Ty=uint8_t
          ]
D:\KSA\R&E\DDDS_RandomAccessSystem\DDDS System\DNA_Editor\ezpwd\rs_base(782,1): message : see reference to function template instantiation 'int ezpwd::reed_solomon<uint8_t,8,5,1,1,ezpwd::gfpoly<8,285>>::decode_mask<uint16_t>(INP *,int,INP *,const std::vector<int,std::allocator<int>> &,std::vector<int,std::allocator<int>> *) const' being compiled
          with
          [
              INP=uint16_t
          ]
D:\KSA\R&E\DDDS_RandomAccessSystem\DDDS System\DNA_Editor\ezpwd\rs_base(781,6): message : see reference to function template instantiation 'int ezpwd::reed_solomon<uint8_t,8,5,1,1,ezpwd::gfpoly<8,285>>::decode_mask<uint16_t>(INP *,int,INP *,const std::vector<int,std::allocator<int>> &,std::vector<int,std::allocator<int>> *) const' being compiled
          with
          [
              INP=uint16_t
          ]
D:\KSA\R&E\DDDS_RandomAccessSystem\DDDS System\DNA_Editor\ezpwd\rs_base(777,1): message : while compiling class template member function 'int ezpwd::reed_solomon<uint8_t,8,5,1,1,ezpwd::gfpoly<8,285>>::decode(const std::pair<uint16_t *,uint16_t *> &,const std::pair<uint16_t *,uint16_t *> &,const std::vector<int,std::allocator<int>> &,std::vector<int,std::allocator<int>> *) const'
  Encoder.cpp
D:\KSA\R&E\DDDS_RandomAccessSystem\DDDS System\DNA_Editor\ezpwd\rs_base(810,50): warning C4244: 'argument': conversion from '__int64' to 'int', possible loss of data
D:\KSA\R&E\DDDS_RandomAccessSystem\DDDS System\DNA_Editor\ezpwd\rs_base(806,1): message : while compiling class template member function 'int ezpwd::reed_solomon<uint8_t,8,5,1,1,ezpwd::gfpoly<8,285>>::decode(const std::pair<uint32_t *,uint32_t *> &,const std::pair<uint32_t *,uint32_t *> &,const std::vector<int,std::allocator<int>> &,std::vector<int,std::allocator<int>> *) const'
D:\KSA\R&E\DDDS_RandomAccessSystem\DDDS System\DNA_Editor\ezpwd\rs(80): message : see reference to class template instantiation 'ezpwd::reed_solomon<uint8_t,8,5,1,1,ezpwd::gfpoly<8,285>>' being compiled
D:\KSA\R&E\DDDS_RandomAccessSystem\DDDS System\DNA_SimpleEditor\DNA_SimpleEditor\Encoder.cpp(39,10): message : see reference to class template instantiation 'ezpwd::RS<255,250>' being compiled
D:\KSA\R&E\DDDS_RandomAccessSystem\DDDS System\DNA_Editor\ezpwd\rs_base(793,50): warning C4244: 'argument': conversion from '__int64' to 'int', possible loss of data
D:\KSA\R&E\DDDS_RandomAccessSystem\DDDS System\DNA_Editor\ezpwd\rs_base(792,1): message : while compiling class template member function 'int ezpwd::reed_solomon<uint8_t,8,5,1,1,ezpwd::gfpoly<8,285>>::decode(const std::pair<uint32_t *,uint32_t *> &,const std::vector<int,std::allocator<int>> &,std::vector<int,std::allocator<int>> *) const'
D:\KSA\R&E\DDDS_RandomAccessSystem\DDDS System\DNA_Editor\ezpwd\rs_base(781,50): warning C4244: 'argument': conversion from '__int64' to 'int', possible loss of data
D:\KSA\R&E\DDDS_RandomAccessSystem\DDDS System\DNA_Editor\ezpwd\rs_base(777,1): message : while compiling class template member function 'int ezpwd::reed_solomon<uint8_t,8,5,1,1,ezpwd::gfpoly<8,285>>::decode(const std::pair<uint16_t *,uint16_t *> &,const std::pair<uint16_t *,uint16_t *> &,const std::vector<int,std::allocator<int>> &,std::vector<int,std::allocator<int>> *) const'
D:\KSA\R&E\DDDS_RandomAccessSystem\DDDS System\DNA_Editor\ezpwd\rs_base(764,50): warning C4244: 'argument': conversion from '__int64' to 'int', possible loss of data
D:\KSA\R&E\DDDS_RandomAccessSystem\DDDS System\DNA_Editor\ezpwd\rs_base(763,1): message : while compiling class template member function 'int ezpwd::reed_solomon<uint8_t,8,5,1,1,ezpwd::gfpoly<8,285>>::decode(const std::pair<uint16_t *,uint16_t *> &,const std::vector<int,std::allocator<int>> &,std::vector<int,std::allocator<int>> *) const'
D:\KSA\R&E\DDDS_RandomAccessSystem\DDDS System\DNA_Editor\ezpwd\rs_base(752,50): warning C4244: 'argument': conversion from '__int64' to 'int', possible loss of data
D:\KSA\R&E\DDDS_RandomAccessSystem\DDDS System\DNA_Editor\ezpwd\rs_base(748,1): message : while compiling class template member function 'int ezpwd::reed_solomon<uint8_t,8,5,1,1,ezpwd::gfpoly<8,285>>::decode(const std::pair<uint8_t *,uint8_t *> &,const std::pair<uint8_t *,uint8_t *> &,const std::vector<int,std::allocator<int>> &,std::vector<int,std::allocator<int>> *) const'
D:\KSA\R&E\DDDS_RandomAccessSystem\DDDS System\DNA_Editor\ezpwd\rs_base(735,50): warning C4244: 'argument': conversion from '__int64' to 'int', possible loss of data
D:\KSA\R&E\DDDS_RandomAccessSystem\DDDS System\DNA_Editor\ezpwd\rs_base(734,1): message : while compiling class template member function 'int ezpwd::reed_solomon<uint8_t,8,5,1,1,ezpwd::gfpoly<8,285>>::decode(const std::pair<uint8_t *,uint8_t *> &,const std::vector<int,std::allocator<int>> &,std::vector<int,std::allocator<int>> *) const'
D:\KSA\R&E\DDDS_RandomAccessSystem\DDDS System\DNA_Editor\ezpwd\rs_base(678,50): warning C4244: 'argument': conversion from '__int64' to 'int', possible loss of data
D:\KSA\R&E\DDDS_RandomAccessSystem\DDDS System\DNA_Editor\ezpwd\rs_base(674,1): message : while compiling class template member function 'int ezpwd::reed_solomon<uint8_t,8,5,1,1,ezpwd::gfpoly<8,285>>::encode(const std::pair<const uint32_t *,const uint32_t *> &,const std::pair<uint32_t *,uint32_t *> &) const'
D:\KSA\R&E\DDDS_RandomAccessSystem\DDDS System\DNA_Editor\ezpwd\rs_base(665,63): warning C4244: 'argument': conversion from '__int64' to 'int', possible loss of data
D:\KSA\R&E\DDDS_RandomAccessSystem\DDDS System\DNA_Editor\ezpwd\rs_base(664,1): message : while compiling class template member function 'int ezpwd::reed_solomon<uint8_t,8,5,1,1,ezpwd::gfpoly<8,285>>::encode(const std::pair<uint32_t *,uint32_t *> &) const'
D:\KSA\R&E\DDDS_RandomAccessSystem\DDDS System\DNA_Editor\ezpwd\rs_base(657,50): warning C4244: 'argument': conversion from '__int64' to 'int', possible loss of data
D:\KSA\R&E\DDDS_RandomAccessSystem\DDDS System\DNA_Editor\ezpwd\rs_base(653,1): message : while compiling class template member function 'int ezpwd::reed_solomon<uint8_t,8,5,1,1,ezpwd::gfpoly<8,285>>::encode(const std::pair<const uint16_t *,const uint16_t *> &,const std::pair<uint16_t *,uint16_t *> &) const'
D:\KSA\R&E\DDDS_RandomAccessSystem\DDDS System\DNA_Editor\ezpwd\rs_base(644,63): warning C4244: 'argument': conversion from '__int64' to 'int', possible loss of data
D:\KSA\R&E\DDDS_RandomAccessSystem\DDDS System\DNA_Editor\ezpwd\rs_base(643,1): message : while compiling class template member function 'int ezpwd::reed_solomon<uint8_t,8,5,1,1,ezpwd::gfpoly<8,285>>::encode(const std::pair<uint16_t *,uint16_t *> &) const'
D:\KSA\R&E\DDDS_RandomAccessSystem\DDDS System\DNA_Editor\ezpwd\rs_base(636,50): warning C4244: 'argument': conversion from '__int64' to 'int', possible loss of data
D:\KSA\R&E\DDDS_RandomAccessSystem\DDDS System\DNA_Editor\ezpwd\rs_base(632,1): message : while compiling class template member function 'int ezpwd::reed_solomon<uint8_t,8,5,1,1,ezpwd::gfpoly<8,285>>::encode(const std::pair<const uint8_t *,const uint8_t *> &,const std::pair<uint8_t *,uint8_t *> &) const'
D:\KSA\R&E\DDDS_RandomAccessSystem\DDDS System\DNA_Editor\ezpwd\rs_base(623,63): warning C4244: 'argument': conversion from '__int64' to 'int', possible loss of data
D:\KSA\R&E\DDDS_RandomAccessSystem\DDDS System\DNA_Editor\ezpwd\rs_base(622,1): message : while compiling class template member function 'int ezpwd::reed_solomon<uint8_t,8,5,1,1,ezpwd::gfpoly<8,285>>::encode(const std::pair<uint8_t *,uint8_t *> &) const'
D:\KSA\R&E\DDDS_RandomAccessSystem\DDDS System\DNA_Editor\ezpwd\rs_base(886,1): warning C4267: 'argument': conversion from 'size_t' to 'int', possible loss of data
D:\KSA\R&E\DDDS_RandomAccessSystem\DDDS System\DNA_Editor\ezpwd\rs_base(811,1): message : see reference to function template instantiation 'int ezpwd::reed_solomon<uint8_t,8,5,1,1,ezpwd::gfpoly<8,285>>::decode_mask<uint32_t>(INP *,int,INP *,const std::vector<int,std::allocator<int>> &,std::vector<int,std::allocator<int>> *) const' being compiled
          with
          [
              INP=uint32_t
          ]
D:\KSA\R&E\DDDS_RandomAccessSystem\DDDS System\DNA_Editor\ezpwd\rs_base(810,6): message : see reference to function template instantiation 'int ezpwd::reed_solomon<uint8_t,8,5,1,1,ezpwd::gfpoly<8,285>>::decode_mask<uint32_t>(INP *,int,INP *,const std::vector<int,std::allocator<int>> &,std::vector<int,std::allocator<int>> *) const' being compiled
          with
          [
              INP=uint32_t
          ]
D:\KSA\R&E\DDDS_RandomAccessSystem\DDDS System\DNA_Editor\ezpwd\rs_base(806,1): message : while compiling class template member function 'int ezpwd::reed_solomon<uint8_t,8,5,1,1,ezpwd::gfpoly<8,285>>::decode(const std::pair<uint32_t *,uint32_t *> &,const std::pair<uint32_t *,uint32_t *> &,const std::vector<int,std::allocator<int>> &,std::vector<int,std::allocator<int>> *) const'
D:\KSA\R&E\DDDS_RandomAccessSystem\DDDS System\DNA_Editor\ezpwd\rs_base(862,32): warning C4244: '=': conversion from 'INP' to '_Ty', possible loss of data
          with
          [
              INP=uint16_t
          ]
          and
          [
              _Ty=uint8_t
          ]
D:\KSA\R&E\DDDS_RandomAccessSystem\DDDS System\DNA_Editor\ezpwd\rs_base(782,1): message : see reference to function template instantiation 'int ezpwd::reed_solomon<uint8_t,8,5,1,1,ezpwd::gfpoly<8,285>>::decode_mask<uint16_t>(INP *,int,INP *,const std::vector<int,std::allocator<int>> &,std::vector<int,std::allocator<int>> *) const' being compiled
          with
          [
              INP=uint16_t
          ]
D:\KSA\R&E\DDDS_RandomAccessSystem\DDDS System\DNA_Editor\ezpwd\rs_base(781,6): message : see reference to function template instantiation 'int ezpwd::reed_solomon<uint8_t,8,5,1,1,ezpwd::gfpoly<8,285>>::decode_mask<uint16_t>(INP *,int,INP *,const std::vector<int,std::allocator<int>> &,std::vector<int,std::allocator<int>> *) const' being compiled
          with
          [
              INP=uint16_t
          ]
D:\KSA\R&E\DDDS_RandomAccessSystem\DDDS System\DNA_Editor\ezpwd\rs_base(777,1): message : while compiling class template member function 'int ezpwd::reed_solomon<uint8_t,8,5,1,1,ezpwd::gfpoly<8,285>>::decode(const std::pair<uint16_t *,uint16_t *> &,const std::pair<uint16_t *,uint16_t *> &,const std::vector<int,std::allocator<int>> &,std::vector<int,std::allocator<int>> *) const'
  EncodingTable.cpp
D:\KSA\R&E\DDDS_RandomAccessSystem\DDDS System\DNA_SimpleEditor\DNA_SimpleEditor\EncodingTable.cpp(28,328): warning C4566: character represented by universal-character-name '\u00C0' cannot be represented in the current code page (949)
D:\KSA\R&E\DDDS_RandomAccessSystem\DDDS System\DNA_SimpleEditor\DNA_SimpleEditor\EncodingTable.cpp(28,334): warning C4566: character represented by universal-character-name '\u00C1' cannot be represented in the current code page (949)
D:\KSA\R&E\DDDS_RandomAccessSystem\DDDS System\DNA_SimpleEditor\DNA_SimpleEditor\EncodingTable.cpp(28,340): warning C4566: character represented by universal-character-name '\u00C2' cannot be represented in the current code page (949)
D:\KSA\R&E\DDDS_RandomAccessSystem\DDDS System\DNA_SimpleEditor\DNA_SimpleEditor\EncodingTable.cpp(28,346): warning C4566: character represented by universal-character-name '\u00C3' cannot be represented in the current code page (949)
D:\KSA\R&E\DDDS_RandomAccessSystem\DDDS System\DNA_SimpleEditor\DNA_SimpleEditor\EncodingTable.cpp(28,352): warning C4566: character represented by universal-character-name '\u00C4' cannot be represented in the current code page (949)
D:\KSA\R&E\DDDS_RandomAccessSystem\DDDS System\DNA_SimpleEditor\DNA_SimpleEditor\EncodingTable.cpp(28,358): warning C4566: character represented by universal-character-name '\u00C5' cannot be represented in the current code page (949)
D:\KSA\R&E\DDDS_RandomAccessSystem\DDDS System\DNA_SimpleEditor\DNA_SimpleEditor\EncodingTable.cpp(28,370): warning C4566: character represented by universal-character-name '\u00C7' cannot be represented in the current code page (949)
D:\KSA\R&E\DDDS_RandomAccessSystem\DDDS System\DNA_SimpleEditor\DNA_SimpleEditor\EncodingTable.cpp(28,376): warning C4566: character represented by universal-character-name '\u00C8' cannot be represented in the current code page (949)
D:\KSA\R&E\DDDS_RandomAccessSystem\DDDS System\DNA_SimpleEditor\DNA_SimpleEditor\EncodingTable.cpp(28,382): warning C4566: character represented by universal-character-name '\u00C9' cannot be represented in the current code page (949)
D:\KSA\R&E\DDDS_RandomAccessSystem\DDDS System\DNA_SimpleEditor\DNA_SimpleEditor\EncodingTable.cpp(28,388): warning C4566: character represented by universal-character-name '\u00CA' cannot be represented in the current code page (949)
D:\KSA\R&E\DDDS_RandomAccessSystem\DDDS System\DNA_SimpleEditor\DNA_SimpleEditor\EncodingTable.cpp(28,394): warning C4566: character represented by universal-character-name '\u00CB' cannot be represented in the current code page (949)
D:\KSA\R&E\DDDS_RandomAccessSystem\DDDS System\DNA_SimpleEditor\DNA_SimpleEditor\EncodingTable.cpp(28,400): warning C4566: character represented by universal-character-name '\u00CC' cannot be represented in the current code page (949)
D:\KSA\R&E\DDDS_RandomAccessSystem\DDDS System\DNA_SimpleEditor\DNA_SimpleEditor\EncodingTable.cpp(28,406): warning C4566: character represented by universal-character-name '\u00CD' cannot be represented in the current code page (949)
D:\KSA\R&E\DDDS_RandomAccessSystem\DDDS System\DNA_SimpleEditor\DNA_SimpleEditor\EncodingTable.cpp(28,412): warning C4566: character represented by universal-character-name '\u00CE' cannot be represented in the current code page (949)
D:\KSA\R&E\DDDS_RandomAccessSystem\DDDS System\DNA_SimpleEditor\DNA_SimpleEditor\EncodingTable.cpp(28,418): warning C4566: character represented by universal-character-name '\u00CF' cannot be represented in the current code page (949)
D:\KSA\R&E\DDDS_RandomAccessSystem\DDDS System\DNA_SimpleEditor\DNA_SimpleEditor\EncodingTable.cpp(28,430): warning C4566: character represented by universal-character-name '\u00D1' cannot be represented in the current code page (949)
D:\KSA\R&E\DDDS_RandomAccessSystem\DDDS System\DNA_SimpleEditor\DNA_SimpleEditor\EncodingTable.cpp(28,436): warning C4566: character represented by universal-character-name '\u00D2' cannot be represented in the current code page (949)
D:\KSA\R&E\DDDS_RandomAccessSystem\DDDS System\DNA_SimpleEditor\DNA_SimpleEditor\EncodingTable.cpp(28,442): warning C4566: character represented by universal-character-name '\u00D3' cannot be represented in the current code page (949)
D:\KSA\R&E\DDDS_RandomAccessSystem\DDDS System\DNA_SimpleEditor\DNA_SimpleEditor\EncodingTable.cpp(28,448): warning C4566: character represented by universal-character-name '\u00D4' cannot be represented in the current code page (949)
D:\KSA\R&E\DDDS_RandomAccessSystem\DDDS System\DNA_SimpleEditor\DNA_SimpleEditor\EncodingTable.cpp(28,454): warning C4566: character represented by universal-character-name '\u00D5' cannot be represented in the current code page (949)
D:\KSA\R&E\DDDS_RandomAccessSystem\DDDS System\DNA_SimpleEditor\DNA_SimpleEditor\EncodingTable.cpp(28,460): warning C4566: character represented by universal-character-name '\u00D6' cannot be represented in the current code page (949)
D:\KSA\R&E\DDDS_RandomAccessSystem\DDDS System\DNA_SimpleEditor\DNA_SimpleEditor\EncodingTable.cpp(28,472): warning C4566: character represented by universal-character-name '\u00D9' cannot be represented in the current code page (949)
D:\KSA\R&E\DDDS_RandomAccessSystem\DDDS System\DNA_SimpleEditor\DNA_SimpleEditor\EncodingTable.cpp(28,478): warning C4566: character represented by universal-character-name '\u00DA' cannot be represented in the current code page (949)
D:\KSA\R&E\DDDS_RandomAccessSystem\DDDS System\DNA_SimpleEditor\DNA_SimpleEditor\EncodingTable.cpp(28,484): warning C4566: character represented by universal-character-name '\u00DB' cannot be represented in the current code page (949)
D:\KSA\R&E\DDDS_RandomAccessSystem\DDDS System\DNA_SimpleEditor\DNA_SimpleEditor\EncodingTable.cpp(28,490): warning C4566: character represented by universal-character-name '\u00DC' cannot be represented in the current code page (949)
D:\KSA\R&E\DDDS_RandomAccessSystem\DDDS System\DNA_SimpleEditor\DNA_SimpleEditor\EncodingTable.cpp(28,496): warning C4566: character represented by universal-character-name '\u00DD' cannot be represented in the current code page (949)
D:\KSA\R&E\DDDS_RandomAccessSystem\DDDS System\DNA_SimpleEditor\DNA_SimpleEditor\EncodingTable.cpp(28,514): warning C4566: character represented by universal-character-name '\u00E0' cannot be represented in the current code page (949)
D:\KSA\R&E\DDDS_RandomAccessSystem\DDDS System\DNA_SimpleEditor\DNA_SimpleEditor\EncodingTable.cpp(28,520): warning C4566: character represented by universal-character-name '\u00E1' cannot be represented in the current code page (949)
D:\KSA\R&E\DDDS_RandomAccessSystem\DDDS System\DNA_SimpleEditor\DNA_SimpleEditor\EncodingTable.cpp(28,526): warning C4566: character represented by universal-character-name '\u00E2' cannot be represented in the current code page (949)
D:\KSA\R&E\DDDS_RandomAccessSystem\DDDS System\DNA_SimpleEditor\DNA_SimpleEditor\EncodingTable.cpp(28,532): warning C4566: character represented by universal-character-name '\u00E3' cannot be represented in the current code page (949)
D:\KSA\R&E\DDDS_RandomAccessSystem\DDDS System\DNA_SimpleEditor\DNA_SimpleEditor\EncodingTable.cpp(28,538): warning C4566: character represented by universal-character-name '\u00E4' cannot be represented in the current code page (949)
D:\KSA\R&E\DDDS_RandomAccessSystem\DDDS System\DNA_SimpleEditor\DNA_SimpleEditor\EncodingTable.cpp(28,544): warning C4566: character represented by universal-character-name '\u00E5' cannot be represented in the current code page (949)
D:\KSA\R&E\DDDS_RandomAccessSystem\DDDS System\DNA_SimpleEditor\DNA_SimpleEditor\EncodingTable.cpp(28,556): warning C4566: character represented by universal-character-name '\u00E7' cannot be represented in the current code page (949)
D:\KSA\R&E\DDDS_RandomAccessSystem\DDDS System\DNA_SimpleEditor\DNA_SimpleEditor\EncodingTable.cpp(28,562): warning C4566: character represented by universal-character-name '\u00E8' cannot be represented in the current code page (949)
D:\KSA\R&E\DDDS_RandomAccessSystem\DDDS System\DNA_SimpleEditor\DNA_SimpleEditor\EncodingTable.cpp(28,568): warning C4566: character represented by universal-character-name '\u00E9' cannot be represented in the current code page (949)
D:\KSA\R&E\DDDS_RandomAccessSystem\DDDS System\DNA_SimpleEditor\DNA_SimpleEditor\EncodingTable.cpp(28,574): warning C4566: character represented by universal-character-name '\u00EA' cannot be represented in the current code page (949)
D:\KSA\R&E\DDDS_RandomAccessSystem\DDDS System\DNA_SimpleEditor\DNA_SimpleEditor\EncodingTable.cpp(28,580): warning C4566: character represented by universal-character-name '\u00EB' cannot be represented in the current code page (949)
D:\KSA\R&E\DDDS_RandomAccessSystem\DDDS System\DNA_SimpleEditor\DNA_SimpleEditor\EncodingTable.cpp(28,586): warning C4566: character represented by universal-character-name '\u00EC' cannot be represented in the current code page (949)
D:\KSA\R&E\DDDS_RandomAccessSystem\DDDS System\DNA_SimpleEditor\DNA_SimpleEditor\EncodingTable.cpp(28,592): warning C4566: character represented by universal-character-name '\u00ED' cannot be represented in the current code page (949)
D:\KSA\R&E\DDDS_RandomAccessSystem\DDDS System\DNA_SimpleEditor\DNA_SimpleEditor\EncodingTable.cpp(28,598): warning C4566: character represented by universal-character-name '\u00EE' cannot be represented in the current code page (949)
D:\KSA\R&E\DDDS_RandomAccessSystem\DDDS System\DNA_SimpleEditor\DNA_SimpleEditor\EncodingTable.cpp(28,604): warning C4566: character represented by universal-character-name '\u00EF' cannot be represented in the current code page (949)
D:\KSA\R&E\DDDS_RandomAccessSystem\DDDS System\DNA_SimpleEditor\DNA_SimpleEditor\EncodingTable.cpp(28,616): warning C4566: character represented by universal-character-name '\u00F1' cannot be represented in the current code page (949)
D:\KSA\R&E\DDDS_RandomAccessSystem\DDDS System\DNA_SimpleEditor\DNA_SimpleEditor\EncodingTable.cpp(28,622): warning C4566: character represented by universal-character-name '\u00F2' cannot be represented in the current code page (949)
D:\KSA\R&E\DDDS_RandomAccessSystem\DDDS System\DNA_SimpleEditor\DNA_SimpleEditor\EncodingTable.cpp(28,628): warning C4566: character represented by universal-character-name '\u00F3' cannot be represented in the current code page (949)
D:\KSA\R&E\DDDS_RandomAccessSystem\DDDS System\DNA_SimpleEditor\DNA_SimpleEditor\EncodingTable.cpp(28,634): warning C4566: character represented by universal-character-name '\u00F4' cannot be represented in the current code page (949)
D:\KSA\R&E\DDDS_RandomAccessSystem\DDDS System\DNA_SimpleEditor\DNA_SimpleEditor\EncodingTable.cpp(28,640): warning C4566: character represented by universal-character-name '\u00F5' cannot be represented in the current code page (949)
D:\KSA\R&E\DDDS_RandomAccessSystem\DDDS System\DNA_SimpleEditor\DNA_SimpleEditor\EncodingTable.cpp(28,646): warning C4566: character represented by universal-character-name '\u00F6' cannot be represented in the current code page (949)
D:\KSA\R&E\DDDS_RandomAccessSystem\DDDS System\DNA_SimpleEditor\DNA_SimpleEditor\EncodingTable.cpp(28,658): warning C4566: character represented by universal-character-name '\u00F9' cannot be represented in the current code page (949)
D:\KSA\R&E\DDDS_RandomAccessSystem\DDDS System\DNA_SimpleEditor\DNA_SimpleEditor\EncodingTable.cpp(28,664): warning C4566: character represented by universal-character-name '\u00FA' cannot be represented in the current code page (949)
D:\KSA\R&E\DDDS_RandomAccessSystem\DDDS System\DNA_SimpleEditor\DNA_SimpleEditor\EncodingTable.cpp(28,670): warning C4566: character represented by universal-character-name '\u00FB' cannot be represented in the current code page (949)
D:\KSA\R&E\DDDS_RandomAccessSystem\DDDS System\DNA_SimpleEditor\DNA_SimpleEditor\EncodingTable.cpp(28,676): warning C4566: character represented by universal-character-name '\u00FC' cannot be represented in the current code page (949)
D:\KSA\R&E\DDDS_RandomAccessSystem\DDDS System\DNA_SimpleEditor\DNA_SimpleEditor\EncodingTable.cpp(28,682): warning C4566: character represented by universal-character-name '\u00FD' cannot be represented in the current code page (949)
D:\KSA\R&E\DDDS_RandomAccessSystem\DDDS System\DNA_SimpleEditor\DNA_SimpleEditor\EncodingTable.cpp(28,694): warning C4566: character represented by universal-character-name '\u00FF' cannot be represented in the current code page (949)
D:\KSA\R&E\DDDS_RandomAccessSystem\DDDS System\DNA_SimpleEditor\DNA_SimpleEditor\EncodingTable.cpp(28,844): warning C4566: character represented by universal-character-name '\u03AC' cannot be represented in the current code page (949)
D:\KSA\R&E\DDDS_RandomAccessSystem\DDDS System\DNA_SimpleEditor\DNA_SimpleEditor\EncodingTable.cpp(28,952): warning C4566: character represented by universal-character-name '\u03C2' cannot be represented in the current code page (949)
D:\KSA\R&E\DDDS_RandomAccessSystem\DDDS System\DNA_SimpleEditor\DNA_SimpleEditor\EncodingTable.cpp(28,1000): warning C4566: character represented by universal-character-name '\u0627' cannot be represented in the current code page (949)
D:\KSA\R&E\DDDS_RandomAccessSystem\DDDS System\DNA_SimpleEditor\DNA_SimpleEditor\EncodingTable.cpp(28,1006): warning C4566: character represented by universal-character-name '\u0644' cannot be represented in the current code page (949)
D:\KSA\R&E\DDDS_RandomAccessSystem\DDDS System\DNA_SimpleEditor\DNA_SimpleEditor\EncodingTable.cpp(28,1012): warning C4566: character represented by universal-character-name '\u0639' cannot be represented in the current code page (949)
D:\KSA\R&E\DDDS_RandomAccessSystem\DDDS System\DNA_SimpleEditor\DNA_SimpleEditor\EncodingTable.cpp(28,1018): warning C4566: character represented by universal-character-name '\u0631' cannot be represented in the current code page (949)
D:\KSA\R&E\DDDS_RandomAccessSystem\DDDS System\DNA_SimpleEditor\DNA_SimpleEditor\EncodingTable.cpp(28,1024): warning C4566: character represented by universal-character-name '\u0628' cannot be represented in the current code page (949)
D:\KSA\R&E\DDDS_RandomAccessSystem\DDDS System\DNA_SimpleEditor\DNA_SimpleEditor\EncodingTable.cpp(28,1030): warning C4566: character represented by universal-character-name '\u064A' cannot be represented in the current code page (949)
D:\KSA\R&E\DDDS_RandomAccessSystem\DDDS System\DNA_SimpleEditor\DNA_SimpleEditor\EncodingTable.cpp(28,1036): warning C4566: character represented by universal-character-name '\u0629' cannot be represented in the current code page (949)
D:\KSA\R&E\DDDS_RandomAccessSystem\DDDS System\DNA_SimpleEditor\DNA_SimpleEditor\EncodingTable.cpp(28,1042): warning C4566: character represented by universal-character-name '\U0001308B' cannot be represented in the current code page (949)
D:\KSA\R&E\DDDS_RandomAccessSystem\DDDS System\DNA_SimpleEditor\DNA_SimpleEditor\EncodingTable.cpp(28,1050): warning C4566: character represented by universal-character-name '\U000133E4' cannot be represented in the current code page (949)
D:\KSA\R&E\DDDS_RandomAccessSystem\DDDS System\DNA_SimpleEditor\DNA_SimpleEditor\EncodingTable.cpp(28,1058): warning C4566: character represented by universal-character-name '\U00013216' cannot be represented in the current code page (949)
D:\KSA\R&E\DDDS_RandomAccessSystem\DDDS System\DNA_SimpleEditor\DNA_SimpleEditor\EncodingTable.cpp(28,1066): warning C4566: character represented by universal-character-name '\U0001318E' cannot be represented in the current code page (949)
D:\KSA\R&E\DDDS_RandomAccessSystem\DDDS System\DNA_SimpleEditor\DNA_SimpleEditor\EncodingTable.cpp(28,1074): warning C4566: character represented by universal-character-name '\U00013153' cannot be represented in the current code page (949)
D:\KSA\R&E\DDDS_RandomAccessSystem\DDDS System\DNA_SimpleEditor\DNA_SimpleEditor\EncodingTable.cpp(28,1082): warning C4566: character represented by universal-character-name '\U000133CF' cannot be represented in the current code page (949)
D:\KSA\R&E\DDDS_RandomAccessSystem\DDDS System\DNA_SimpleEditor\DNA_SimpleEditor\EncodingTable.cpp(28,1090): warning C4566: character represented by universal-character-name '\U00013296' cannot be represented in the current code page (949)
D:\KSA\R&E\DDDS_RandomAccessSystem\DDDS System\DNA_SimpleEditor\DNA_SimpleEditor\EncodingTable.cpp(28,1098): warning C4566: character represented by universal-character-name '\U00013000' cannot be represented in the current code page (949)
D:\KSA\R&E\DDDS_RandomAccessSystem\DDDS System\DNA_SimpleEditor\DNA_SimpleEditor\EncodingTable.cpp(28,1211): warning C4566: character represented by universal-character-name '\u0939' cannot be represented in the current code page (949)
D:\KSA\R&E\DDDS_RandomAccessSystem\DDDS System\DNA_SimpleEditor\DNA_SimpleEditor\EncodingTable.cpp(28,1218): warning C4566: character represented by universal-character-name '\u093F' cannot be represented in the current code page (949)
D:\KSA\R&E\DDDS_RandomAccessSystem\DDDS System\DNA_SimpleEditor\DNA_SimpleEditor\EncodingTable.cpp(28,1225): warning C4566: character represented by universal-character-name '\u0928' cannot be represented in the current code page (949)
D:\KSA\R&E\DDDS_RandomAccessSystem\DDDS System\DNA_SimpleEditor\DNA_SimpleEditor\EncodingTable.cpp(28,1232): warning C4566: character represented by universal-character-name '\u094D' cannot be represented in the current code page (949)
D:\KSA\R&E\DDDS_RandomAccessSystem\DDDS System\DNA_SimpleEditor\DNA_SimpleEditor\EncodingTable.cpp(28,1239): warning C4566: character represented by universal-character-name '\u0926' cannot be represented in the current code page (949)
D:\KSA\R&E\DDDS_RandomAccessSystem\DDDS System\DNA_SimpleEditor\DNA_SimpleEditor\EncodingTable.cpp(28,1246): warning C4566: character represented by universal-character-name '\u0940' cannot be represented in the current code page (949)
D:\KSA\R&E\DDDS_RandomAccessSystem\DDDS System\DNA_SimpleEditor\DNA_SimpleEditor\EncodingTable.cpp(28,1253): warning C4566: character represented by universal-character-name '\u09AC' cannot be represented in the current code page (949)
D:\KSA\R&E\DDDS_RandomAccessSystem\DDDS System\DNA_SimpleEditor\DNA_SimpleEditor\EncodingTable.cpp(28,1253): warning C4566: character represented by universal-character-name '\u09BE' cannot be represented in the current code page (949)
D:\KSA\R&E\DDDS_RandomAccessSystem\DDDS System\DNA_SimpleEditor\DNA_SimpleEditor\EncodingTable.cpp(28,1253): warning C4566: character represented by universal-character-name '\u0982' cannot be represented in the current code page (949)
D:\KSA\R&E\DDDS_RandomAccessSystem\DDDS System\DNA_SimpleEditor\DNA_SimpleEditor\EncodingTable.cpp(28,1266): warning C4566: character represented by universal-character-name '\u09B2' cannot be represented in the current code page (949)
D:\KSA\R&E\DDDS_RandomAccessSystem\DDDS System\DNA_SimpleEditor\DNA_SimpleEditor\EncodingTable.cpp(28,1266): warning C4566: character represented by universal-character-name '\u09BE' cannot be represented in the current code page (949)
D:\KSA\R&E\DDDS_RandomAccessSystem\DDDS System\DNA_SimpleEditor\DNA_SimpleEditor\EncodingTable.cpp(28,1276): warning C4566: character represented by universal-character-name '\u09B2' cannot be represented in the current code page (949)
D:\KSA\R&E\DDDS_RandomAccessSystem\DDDS System\DNA_SimpleEditor\DNA_SimpleEditor\EncodingTable.cpp(28,1276): warning C4566: character represented by universal-character-name '\u09BF' cannot be represented in the current code page (949)
D:\KSA\R&E\DDDS_RandomAccessSystem\DDDS System\DNA_SimpleEditor\DNA_SimpleEditor\EncodingTable.cpp(28,1286): warning C4566: character represented by universal-character-name '\u09AA' cannot be represented in the current code page (949)
D:\KSA\R&E\DDDS_RandomAccessSystem\DDDS System\DNA_SimpleEditor\DNA_SimpleEditor\EncodingTable.cpp(28,1286): warning C4566: character represented by universal-character-name '\u09BF' cannot be represented in the current code page (949)
D:\KSA\R&E\DDDS_RandomAccessSystem\DDDS System\DNA_SimpleEditor\DNA_SimpleEditor\EncodingTable.cpp(32,101): warning C4566: character represented by universal-character-name '\u00E2' cannot be represented in the current code page (949)
D:\KSA\R&E\DDDS_RandomAccessSystem\DDDS System\DNA_SimpleEditor\DNA_SimpleEditor\EncodingTable.cpp(32,107): warning C4566: character represented by universal-character-name '\u00C5' cannot be represented in the current code page (949)
D:\KSA\R&E\DDDS_RandomAccessSystem\DDDS System\DNA_SimpleEditor\DNA_SimpleEditor\EncodingTable.cpp(32,145): warning C4566: character represented by universal-character-name '\u00C8' cannot be represented in the current code page (949)
D:\KSA\R&E\DDDS_RandomAccessSystem\DDDS System\DNA_SimpleEditor\DNA_SimpleEditor\EncodingTable.cpp(32,185): warning C4566: character represented by universal-character-name '\u00F5' cannot be represented in the current code page (949)
D:\KSA\R&E\DDDS_RandomAccessSystem\DDDS System\DNA_SimpleEditor\DNA_SimpleEditor\EncodingTable.cpp(32,207): warning C4566: character represented by universal-character-name '\u0928' cannot be represented in the current code page (949)
D:\KSA\R&E\DDDS_RandomAccessSystem\DDDS System\DNA_SimpleEditor\DNA_SimpleEditor\EncodingTable.cpp(32,260): warning C4566: character represented by universal-character-name '\u00F1' cannot be represented in the current code page (949)
D:\KSA\R&E\DDDS_RandomAccessSystem\DDDS System\DNA_SimpleEditor\DNA_SimpleEditor\EncodingTable.cpp(32,272): warning C4566: character represented by universal-character-name '\u00EF' cannot be represented in the current code page (949)
D:\KSA\R&E\DDDS_RandomAccessSystem\DDDS System\DNA_SimpleEditor\DNA_SimpleEditor\EncodingTable.cpp(32,283): warning C4566: character represented by universal-character-name '\u03C2' cannot be represented in the current code page (949)
D:\KSA\R&E\DDDS_RandomAccessSystem\DDDS System\DNA_SimpleEditor\DNA_SimpleEditor\EncodingTable.cpp(32,335): warning C4566: character represented by universal-character-name '\u00DB' cannot be represented in the current code page (949)
D:\KSA\R&E\DDDS_RandomAccessSystem\DDDS System\DNA_SimpleEditor\DNA_SimpleEditor\EncodingTable.cpp(32,348): warning C4566: character represented by universal-character-name '\u094D' cannot be represented in the current code page (949)
D:\KSA\R&E\DDDS_RandomAccessSystem\DDDS System\DNA_SimpleEditor\DNA_SimpleEditor\EncodingTable.cpp(32,360): warning C4566: character represented by universal-character-name '\u00C9' cannot be represented in the current code page (949)
D:\KSA\R&E\DDDS_RandomAccessSystem\DDDS System\DNA_SimpleEditor\DNA_SimpleEditor\EncodingTable.cpp(32,372): warning C4566: character represented by universal-character-name '\u00E5' cannot be represented in the current code page (949)
D:\KSA\R&E\DDDS_RandomAccessSystem\DDDS System\DNA_SimpleEditor\DNA_SimpleEditor\EncodingTable.cpp(32,378): warning C4566: character represented by universal-character-name '\u00F9' cannot be represented in the current code page (949)
D:\KSA\R&E\DDDS_RandomAccessSystem\DDDS System\DNA_SimpleEditor\DNA_SimpleEditor\EncodingTable.cpp(32,384): warning C4566: character represented by universal-character-name '\u00DC' cannot be represented in the current code page (949)
D:\KSA\R&E\DDDS_RandomAccessSystem\DDDS System\DNA_SimpleEditor\DNA_SimpleEditor\EncodingTable.cpp(32,404): warning C4566: character represented by universal-character-name '\u00F6' cannot be represented in the current code page (949)
D:\KSA\R&E\DDDS_RandomAccessSystem\DDDS System\DNA_SimpleEditor\DNA_SimpleEditor\EncodingTable.cpp(32,421): warning C4566: character represented by universal-character-name '\u00C2' cannot be represented in the current code page (949)
D:\KSA\R&E\DDDS_RandomAccessSystem\DDDS System\DNA_SimpleEditor\DNA_SimpleEditor\EncodingTable.cpp(32,434): warning C4566: character represented by universal-character-name '\u00CD' cannot be represented in the current code page (949)
D:\KSA\R&E\DDDS_RandomAccessSystem\DDDS System\DNA_SimpleEditor\DNA_SimpleEditor\EncodingTable.cpp(32,440): warning C4566: character represented by universal-character-name '\u0940' cannot be represented in the current code page (949)
D:\KSA\R&E\DDDS_RandomAccessSystem\DDDS System\DNA_SimpleEditor\DNA_SimpleEditor\EncodingTable.cpp(32,471): warning C4566: character represented by universal-character-name '\u0939' cannot be represented in the current code page (949)
D:\KSA\R&E\DDDS_RandomAccessSystem\DDDS System\DNA_SimpleEditor\DNA_SimpleEditor\EncodingTable.cpp(32,478): warning C4566: character represented by universal-character-name '\u00D1' cannot be represented in the current code page (949)
D:\KSA\R&E\DDDS_RandomAccessSystem\DDDS System\DNA_SimpleEditor\DNA_SimpleEditor\EncodingTable.cpp(32,516): warning C4566: character represented by universal-character-name '\u00EB' cannot be represented in the current code page (949)
D:\KSA\R&E\DDDS_RandomAccessSystem\DDDS System\DNA_SimpleEditor\DNA_SimpleEditor\EncodingTable.cpp(32,533): warning C4566: character represented by universal-character-name '\u00D4' cannot be represented in the current code page (949)
D:\KSA\R&E\DDDS_RandomAccessSystem\DDDS System\DNA_SimpleEditor\DNA_SimpleEditor\EncodingTable.cpp(32,557): warning C4566: character represented by universal-character-name '\u00C4' cannot be represented in the current code page (949)
D:\KSA\R&E\DDDS_RandomAccessSystem\DDDS System\DNA_SimpleEditor\DNA_SimpleEditor\EncodingTable.cpp(32,576): warning C4566: character represented by universal-character-name '\u00D2' cannot be represented in the current code page (949)
D:\KSA\R&E\DDDS_RandomAccessSystem\DDDS System\DNA_SimpleEditor\DNA_SimpleEditor\EncodingTable.cpp(32,588): warning C4566: character represented by universal-character-name '\u00DA' cannot be represented in the current code page (949)
D:\KSA\R&E\DDDS_RandomAccessSystem\DDDS System\DNA_SimpleEditor\DNA_SimpleEditor\EncodingTable.cpp(32,594): warning C4566: character represented by universal-character-name '\u00F4' cannot be represented in the current code page (949)
D:\KSA\R&E\DDDS_RandomAccessSystem\DDDS System\DNA_SimpleEditor\DNA_SimpleEditor\EncodingTable.cpp(32,605): warning C4566: character represented by universal-character-name '\u00FA' cannot be represented in the current code page (949)
D:\KSA\R&E\DDDS_RandomAccessSystem\DDDS System\DNA_SimpleEditor\DNA_SimpleEditor\EncodingTable.cpp(32,629): warning C4566: character represented by universal-character-name '\u00ED' cannot be represented in the current code page (949)
D:\KSA\R&E\DDDS_RandomAccessSystem\DDDS System\DNA_SimpleEditor\DNA_SimpleEditor\EncodingTable.cpp(32,684): warning C4566: character represented by universal-character-name '\u093F' cannot be represented in the current code page (949)
D:\KSA\R&E\DDDS_RandomAccessSystem\DDDS System\DNA_SimpleEditor\DNA_SimpleEditor\EncodingTable.cpp(32,741): warning C4566: character represented by universal-character-name '\u00E4' cannot be represented in the current code page (949)
D:\KSA\R&E\DDDS_RandomAccessSystem\DDDS System\DNA_SimpleEditor\DNA_SimpleEditor\EncodingTable.cpp(32,753): warning C4566: character represented by universal-character-name '\u00CC' cannot be represented in the current code page (949)
D:\KSA\R&E\DDDS_RandomAccessSystem\DDDS System\DNA_SimpleEditor\DNA_SimpleEditor\EncodingTable.cpp(32,759): warning C4566: character represented by universal-character-name '\u00EA' cannot be represented in the current code page (949)
D:\KSA\R&E\DDDS_RandomAccessSystem\DDDS System\DNA_SimpleEditor\DNA_SimpleEditor\EncodingTable.cpp(32,765): warning C4566: character represented by universal-character-name '\u00C7' cannot be represented in the current code page (949)
D:\KSA\R&E\DDDS_RandomAccessSystem\DDDS System\DNA_SimpleEditor\DNA_SimpleEditor\EncodingTable.cpp(32,771): warning C4566: character represented by universal-character-name '\U0001308B' cannot be represented in the current code page (949)
D:\KSA\R&E\DDDS_RandomAccessSystem\DDDS System\DNA_SimpleEditor\DNA_SimpleEditor\EncodingTable.cpp(32,779): warning C4566: character represented by universal-character-name '\u0926' cannot be represented in the current code page (949)
D:\KSA\R&E\DDDS_RandomAccessSystem\DDDS System\DNA_SimpleEditor\DNA_SimpleEditor\EncodingTable.cpp(32,810): warning C4566: character represented by universal-character-name '\U000133E4' cannot be represented in the current code page (949)
D:\KSA\R&E\DDDS_RandomAccessSystem\DDDS System\DNA_SimpleEditor\DNA_SimpleEditor\EncodingTable.cpp(32,818): warning C4566: character represented by universal-character-name '\u00E0' cannot be represented in the current code page (949)
D:\KSA\R&E\DDDS_RandomAccessSystem\DDDS System\DNA_SimpleEditor\DNA_SimpleEditor\EncodingTable.cpp(32,824): warning C4566: character represented by universal-character-name '\u00E9' cannot be represented in the current code page (949)
D:\KSA\R&E\DDDS_RandomAccessSystem\DDDS System\DNA_SimpleEditor\DNA_SimpleEditor\EncodingTable.cpp(32,865): warning C4566: character represented by universal-character-name '\u00FC' cannot be represented in the current code page (949)
D:\KSA\R&E\DDDS_RandomAccessSystem\DDDS System\DNA_SimpleEditor\DNA_SimpleEditor\EncodingTable.cpp(32,871): warning C4566: character represented by universal-character-name '\u00FB' cannot be represented in the current code page (949)
D:\KSA\R&E\DDDS_RandomAccessSystem\DDDS System\DNA_SimpleEditor\DNA_SimpleEditor\EncodingTable.cpp(32,882): warning C4566: character represented by universal-character-name '\u00D6' cannot be represented in the current code page (949)
D:\KSA\R&E\DDDS_RandomAccessSystem\DDDS System\DNA_SimpleEditor\DNA_SimpleEditor\EncodingTable.cpp(32,895): warning C4566: character represented by universal-character-name '\U00013000' cannot be represented in the current code page (949)
D:\KSA\R&E\DDDS_RandomAccessSystem\DDDS System\DNA_SimpleEditor\DNA_SimpleEditor\EncodingTable.cpp(32,938): warning C4566: character represented by universal-character-name '\U0001318E' cannot be represented in the current code page (949)
D:\KSA\R&E\DDDS_RandomAccessSystem\DDDS System\DNA_SimpleEditor\DNA_SimpleEditor\EncodingTable.cpp(32,946): warning C4566: character represented by universal-character-name '\u00D5' cannot be represented in the current code page (949)
D:\KSA\R&E\DDDS_RandomAccessSystem\DDDS System\DNA_SimpleEditor\DNA_SimpleEditor\EncodingTable.cpp(32,952): warning C4566: character represented by universal-character-name '\U000133CF' cannot be represented in the current code page (949)
D:\KSA\R&E\DDDS_RandomAccessSystem\DDDS System\DNA_SimpleEditor\DNA_SimpleEditor\EncodingTable.cpp(32,960): warning C4566: character represented by universal-character-name '\U00013296' cannot be represented in the current code page (949)
D:\KSA\R&E\DDDS_RandomAccessSystem\DDDS System\DNA_SimpleEditor\DNA_SimpleEditor\EncodingTable.cpp(32,968): warning C4566: character represented by universal-character-name '\U00013216' cannot be represented in the current code page (949)
D:\KSA\R&E\DDDS_RandomAccessSystem\DDDS System\DNA_SimpleEditor\DNA_SimpleEditor\EncodingTable.cpp(32,983): warning C4566: character represented by universal-character-name '\U00013153' cannot be represented in the current code page (949)
D:\KSA\R&E\DDDS_RandomAccessSystem\DDDS System\DNA_SimpleEditor\DNA_SimpleEditor\EncodingTable.cpp(32,1003): warning C4566: character represented by universal-character-name '\u00CA' cannot be represented in the current code page (949)
D:\KSA\R&E\DDDS_RandomAccessSystem\DDDS System\DNA_SimpleEditor\DNA_SimpleEditor\EncodingTable.cpp(32,1022): warning C4566: character represented by universal-character-name '\u00D9' cannot be represented in the current code page (949)
D:\KSA\R&E\DDDS_RandomAccessSystem\DDDS System\DNA_SimpleEditor\DNA_SimpleEditor\EncodingTable.cpp(32,1065): warning C4566: character represented by universal-character-name '\u00F3' cannot be represented in the current code page (949)
D:\KSA\R&E\DDDS_RandomAccessSystem\DDDS System\DNA_SimpleEditor\DNA_SimpleEditor\EncodingTable.cpp(32,1083): warning C4566: character represented by universal-character-name '\u00E1' cannot be represented in the current code page (949)
D:\KSA\R&E\DDDS_RandomAccessSystem\DDDS System\DNA_SimpleEditor\DNA_SimpleEditor\EncodingTable.cpp(32,1096): warning C4566: character represented by universal-character-name '\u00D3' cannot be represented in the current code page (949)
D:\KSA\R&E\DDDS_RandomAccessSystem\DDDS System\DNA_SimpleEditor\DNA_SimpleEditor\EncodingTable.cpp(32,1102): warning C4566: character represented by universal-character-name '\u00E3' cannot be represented in the current code page (949)
D:\KSA\R&E\DDDS_RandomAccessSystem\DDDS System\DNA_SimpleEditor\DNA_SimpleEditor\EncodingTable.cpp(32,1108): warning C4566: character represented by universal-character-name '\u00DD' cannot be represented in the current code page (949)
D:\KSA\R&E\DDDS_RandomAccessSystem\DDDS System\DNA_SimpleEditor\DNA_SimpleEditor\EncodingTable.cpp(32,1125): warning C4566: character represented by universal-character-name '\u00CB' cannot be represented in the current code page (949)
D:\KSA\R&E\DDDS_RandomAccessSystem\DDDS System\DNA_SimpleEditor\DNA_SimpleEditor\EncodingTable.cpp(32,1137): warning C4566: character represented by universal-character-name '\u03AC' cannot be represented in the current code page (949)
D:\KSA\R&E\DDDS_RandomAccessSystem\DDDS System\DNA_SimpleEditor\DNA_SimpleEditor\EncodingTable.cpp(32,1148): warning C4566: character represented by universal-character-name '\u00F2' cannot be represented in the current code page (949)
D:\KSA\R&E\DDDS_RandomAccessSystem\DDDS System\DNA_SimpleEditor\DNA_SimpleEditor\EncodingTable.cpp(32,1154): warning C4566: character represented by universal-character-name '\u0627' cannot be represented in the current code page (949)
D:\KSA\R&E\DDDS_RandomAccessSystem\DDDS System\DNA_SimpleEditor\DNA_SimpleEditor\EncodingTable.cpp(32,1160): warning C4566: character represented by universal-character-name '\u0644' cannot be represented in the current code page (949)
D:\KSA\R&E\DDDS_RandomAccessSystem\DDDS System\DNA_SimpleEditor\DNA_SimpleEditor\EncodingTable.cpp(32,1166): warning C4566: character represented by universal-character-name '\u0639' cannot be represented in the current code page (949)
D:\KSA\R&E\DDDS_RandomAccessSystem\DDDS System\DNA_SimpleEditor\DNA_SimpleEditor\EncodingTable.cpp(32,1172): warning C4566: character represented by universal-character-name '\u0631' cannot be represented in the current code page (949)
D:\KSA\R&E\DDDS_RandomAccessSystem\DDDS System\DNA_SimpleEditor\DNA_SimpleEditor\EncodingTable.cpp(32,1178): warning C4566: character represented by universal-character-name '\u0628' cannot be represented in the current code page (949)
D:\KSA\R&E\DDDS_RandomAccessSystem\DDDS System\DNA_SimpleEditor\DNA_SimpleEditor\EncodingTable.cpp(32,1184): warning C4566: character represented by universal-character-name '\u064A' cannot be represented in the current code page (949)
D:\KSA\R&E\DDDS_RandomAccessSystem\DDDS System\DNA_SimpleEditor\DNA_SimpleEditor\EncodingTable.cpp(32,1190): warning C4566: character represented by universal-character-name '\u0629' cannot be represented in the current code page (949)
D:\KSA\R&E\DDDS_RandomAccessSystem\DDDS System\DNA_SimpleEditor\DNA_SimpleEditor\EncodingTable.cpp(32,1238): warning C4566: character represented by universal-character-name '\u00EE' cannot be represented in the current code page (949)
D:\KSA\R&E\DDDS_RandomAccessSystem\DDDS System\DNA_SimpleEditor\DNA_SimpleEditor\EncodingTable.cpp(32,1258): warning C4566: character represented by universal-character-name '\u09AC' cannot be represented in the current code page (949)
D:\KSA\R&E\DDDS_RandomAccessSystem\DDDS System\DNA_SimpleEditor\DNA_SimpleEditor\EncodingTable.cpp(32,1258): warning C4566: character represented by universal-character-name '\u09BE' cannot be represented in the current code page (949)
D:\KSA\R&E\DDDS_RandomAccessSystem\DDDS System\DNA_SimpleEditor\DNA_SimpleEditor\EncodingTable.cpp(32,1258): warning C4566: character represented by universal-character-name '\u0982' cannot be represented in the current code page (949)
D:\KSA\R&E\DDDS_RandomAccessSystem\DDDS System\DNA_SimpleEditor\DNA_SimpleEditor\EncodingTable.cpp(32,1271): warning C4566: character represented by universal-character-name '\u09B2' cannot be represented in the current code page (949)
D:\KSA\R&E\DDDS_RandomAccessSystem\DDDS System\DNA_SimpleEditor\DNA_SimpleEditor\EncodingTable.cpp(32,1271): warning C4566: character represented by universal-character-name '\u09BE' cannot be represented in the current code page (949)
D:\KSA\R&E\DDDS_RandomAccessSystem\DDDS System\DNA_SimpleEditor\DNA_SimpleEditor\EncodingTable.cpp(32,1281): warning C4566: character represented by universal-character-name '\u09B2' cannot be represented in the current code page (949)
D:\KSA\R&E\DDDS_RandomAccessSystem\DDDS System\DNA_SimpleEditor\DNA_SimpleEditor\EncodingTable.cpp(32,1281): warning C4566: character represented by universal-character-name '\u09BF' cannot be represented in the current code page (949)
D:\KSA\R&E\DDDS_RandomAccessSystem\DDDS System\DNA_SimpleEditor\DNA_SimpleEditor\EncodingTable.cpp(32,1291): warning C4566: character represented by universal-character-name '\u09AA' cannot be represented in the current code page (949)
D:\KSA\R&E\DDDS_RandomAccessSystem\DDDS System\DNA_SimpleEditor\DNA_SimpleEditor\EncodingTable.cpp(32,1291): warning C4566: character represented by universal-character-name '\u09BF' cannot be represented in the current code page (949)
D:\KSA\R&E\DDDS_RandomAccessSystem\DDDS System\DNA_SimpleEditor\DNA_SimpleEditor\EncodingTable.cpp(32,1321): warning C4566: character represented by universal-character-name '\u00FD' cannot be represented in the current code page (949)
D:\KSA\R&E\DDDS_RandomAccessSystem\DDDS System\DNA_SimpleEditor\DNA_SimpleEditor\EncodingTable.cpp(32,1355): warning C4566: character represented by universal-character-name '\u00E8' cannot be represented in the current code page (949)
D:\KSA\R&E\DDDS_RandomAccessSystem\DDDS System\DNA_SimpleEditor\DNA_SimpleEditor\EncodingTable.cpp(32,1379): warning C4566: character represented by universal-character-name '\u00EC' cannot be represented in the current code page (949)
D:\KSA\R&E\DDDS_RandomAccessSystem\DDDS System\DNA_SimpleEditor\DNA_SimpleEditor\EncodingTable.cpp(32,1398): warning C4566: character represented by universal-character-name '\u00E7' cannot be represented in the current code page (949)
D:\KSA\R&E\DDDS_RandomAccessSystem\DDDS System\DNA_SimpleEditor\DNA_SimpleEditor\EncodingTable.cpp(32,1478): warning C4566: character represented by universal-character-name '\u00C1' cannot be represented in the current code page (949)
D:\KSA\R&E\DDDS_RandomAccessSystem\DDDS System\DNA_SimpleEditor\DNA_SimpleEditor\EncodingTable.cpp(32,1490): warning C4566: character represented by universal-character-name '\u00CE' cannot be represented in the current code page (949)
D:\KSA\R&E\DDDS_RandomAccessSystem\DDDS System\DNA_SimpleEditor\DNA_SimpleEditor\EncodingTable.cpp(32,1496): warning C4566: character represented by universal-character-name '\u00FF' cannot be represented in the current code page (949)
D:\KSA\R&E\DDDS_RandomAccessSystem\DDDS System\DNA_SimpleEditor\DNA_SimpleEditor\EncodingTable.cpp(32,1502): warning C4566: character represented by universal-character-name '\u00C0' cannot be represented in the current code page (949)
D:\KSA\R&E\DDDS_RandomAccessSystem\DDDS System\DNA_SimpleEditor\DNA_SimpleEditor\EncodingTable.cpp(32,1526): warning C4566: character represented by universal-character-name '\u00C3' cannot be represented in the current code page (949)
D:\KSA\R&E\DDDS_RandomAccessSystem\DDDS System\DNA_SimpleEditor\DNA_SimpleEditor\EncodingTable.cpp(32,1538): warning C4566: character represented by universal-character-name '\u00CF' cannot be represented in the current code page (949)
  EncodingTable.h
  FileIO.cpp
C:\Program Files\Microsoft Visual Studio\2022\Community\VC\Tools\MSVC\14.35.32215\include\filesystem(13): warning STL4038: The contents of <filesystem> are available only with C++17 or later.
  Generator.cpp
  Main.cpp
x64\Release\EncodingTable.obj : warning LNK4042: object specified more than once; extras ignored
  Generating code
  Previous IPDB not found, fall back to full compilation.
  All 2738 functions were compiled because no usable IPDB/IOBJ from previous compilation was found.
  Finished generating code
  DNA_SimpleEditor.vcxproj -> D:\KSA\R&E\DDDS_RandomAccessSystem\DDDS System\DNA_SimpleEditor\x64\Release\DNA_SimpleEditor.exe
