d:\ksa\r&e\ddds_randomaccesssystem\ddds system\dna_simpleeditor\dna_simpleeditor\x64\debug\vc143.pdb
d:\ksa\r&e\ddds_randomaccesssystem\ddds system\dna_simpleeditor\dna_simpleeditor\x64\debug\vc143.idb
d:\ksa\r&e\ddds_randomaccesssystem\ddds system\dna_simpleeditor\dna_simpleeditor\x64\debug\main.obj
d:\ksa\r&e\ddds_randomaccesssystem\ddds system\dna_simpleeditor\dna_simpleeditor\x64\debug\generator.obj
d:\ksa\r&e\ddds_randomaccesssystem\ddds system\dna_simpleeditor\dna_simpleeditor\x64\debug\fileio.obj
d:\ksa\r&e\ddds_randomaccesssystem\ddds system\dna_simpleeditor\dna_simpleeditor\x64\debug\encodingtable.obj
d:\ksa\r&e\ddds_randomaccesssystem\ddds system\dna_simpleeditor\dna_simpleeditor\x64\debug\encoder.obj
d:\ksa\r&e\ddds_randomaccesssystem\ddds system\dna_simpleeditor\dna_simpleeditor\x64\debug\dna.obj
d:\ksa\r&e\ddds_randomaccesssystem\ddds system\dna_simpleeditor\dna_simpleeditor\x64\debug\decoder.obj
d:\ksa\r&e\ddds_randomaccesssystem\ddds system\dna_simpleeditor\dna_simpleeditor\x64\debug\encodingtable.h.ifc
d:\ksa\r&e\ddds_randomaccesssystem\ddds system\dna_simpleeditor\dna_simpleeditor\x64\debug\encodingtable.h.ifc.d.json
d:\ksa\r&e\ddds_randomaccesssystem\ddds system\dna_simpleeditor\dna_simpleeditor\x64\debug\encodingtable.h.obj
d:\ksa\r&e\ddds_randomaccesssystem\ddds system\dna_simpleeditor\x64\debug\dna_simpleeditor.exe
d:\ksa\r&e\ddds_randomaccesssystem\ddds system\dna_simpleeditor\dna_simpleeditor\x64\debug\dna_simpleeditor.ilk
d:\ksa\r&e\ddds_randomaccesssystem\ddds system\dna_simpleeditor\x64\debug\dna_simpleeditor.pdb
d:\ksa\r&e\ddds_randomaccesssystem\ddds system\dna_simpleeditor\dna_simpleeditor\x64\debug\encodingtable.h.module.json
d:\ksa\r&e\ddds_randomaccesssystem\ddds system\dna_simpleeditor\dna_simpleeditor\x64\debug\dna_simpleeditor.tlog\cl.command.1.tlog
d:\ksa\r&e\ddds_randomaccesssystem\ddds system\dna_simpleeditor\dna_simpleeditor\x64\debug\dna_simpleeditor.tlog\cl.read.1.tlog
d:\ksa\r&e\ddds_randomaccesssystem\ddds system\dna_simpleeditor\dna_simpleeditor\x64\debug\dna_simpleeditor.tlog\cl.write.1.tlog
d:\ksa\r&e\ddds_randomaccesssystem\ddds system\dna_simpleeditor\dna_simpleeditor\x64\debug\dna_simpleeditor.tlog\link.command.1.tlog
d:\ksa\r&e\ddds_randomaccesssystem\ddds system\dna_simpleeditor\dna_simpleeditor\x64\debug\dna_simpleeditor.tlog\link.read.1.tlog
d:\ksa\r&e\ddds_randomaccesssystem\ddds system\dna_simpleeditor\dna_simpleeditor\x64\debug\dna_simpleeditor.tlog\link.write.1.tlog
d:\ksa\r&e\ddds_randomaccesssystem\ddds system\dna_simpleeditor\dna_simpleeditor\x64\debug\dna_simpleeditor_md.tlog\cl.command.1.tlog
d:\ksa\r&e\ddds_randomaccesssystem\ddds system\dna_simpleeditor\dna_simpleeditor\x64\debug\dna_simpleeditor_md.tlog\microsoft.build.cpptasks.cl.read.1.tlog
d:\ksa\r&e\ddds_randomaccesssystem\ddds system\dna_simpleeditor\dna_simpleeditor\x64\debug\dna_simpleeditor_md.tlog\microsoft.build.cpptasks.cl.write.1.tlog
