d:\ksa\r&e\ddds_randomaccesssystem\ddds system\dna_editor_cpp\dna_editor\x64\debug\vc143.pdb
d:\ksa\r&e\ddds_randomaccesssystem\ddds system\dna_editor_cpp\dna_editor\x64\debug\vc143.idb
d:\ksa\r&e\ddds_randomaccesssystem\ddds system\dna_editor_cpp\dna_editor\x64\debug\main.obj
d:\ksa\r&e\ddds_randomaccesssystem\ddds system\dna_editor_cpp\dna_editor\x64\debug\generator.obj
d:\ksa\r&e\ddds_randomaccesssystem\ddds system\dna_editor_cpp\dna_editor\x64\debug\fileio.obj
d:\ksa\r&e\ddds_randomaccesssystem\ddds system\dna_editor_cpp\dna_editor\x64\debug\encoder.obj
d:\ksa\r&e\ddds_randomaccesssystem\ddds system\dna_editor_cpp\dna_editor\x64\debug\dna.obj
d:\ksa\r&e\ddds_randomaccesssystem\ddds system\dna_editor_cpp\dna_editor\x64\debug\deltadna.obj
d:\ksa\r&e\ddds_randomaccesssystem\ddds system\dna_editor_cpp\dna_editor\x64\debug\decoder.obj
d:\ksa\r&e\ddds_randomaccesssystem\ddds system\dna_editor_cpp\dna_editor\x64\debug\convertor.obj
d:\ksa\r&e\ddds_randomaccesssystem\ddds system\dna_editor_cpp\x64\debug\dna_editor.exe
d:\ksa\r&e\ddds_randomaccesssystem\ddds system\dna_editor_cpp\dna_editor\x64\debug\dna_editor.ilk
d:\ksa\r&e\ddds_randomaccesssystem\ddds system\dna_editor_cpp\x64\debug\dna_editor.pdb
d:\ksa\r&e\ddds_randomaccesssystem\ddds system\dna_editor_cpp\dna_editor\x64\debug\dna.obj.enc
d:\ksa\r&e\ddds_randomaccesssystem\ddds system\dna_editor_cpp\dna_editor\x64\debug\dna_editor.tlog\cl.command.1.tlog
d:\ksa\r&e\ddds_randomaccesssystem\ddds system\dna_editor_cpp\dna_editor\x64\debug\dna_editor.tlog\cl.read.1.tlog
d:\ksa\r&e\ddds_randomaccesssystem\ddds system\dna_editor_cpp\dna_editor\x64\debug\dna_editor.tlog\cl.write.1.tlog
d:\ksa\r&e\ddds_randomaccesssystem\ddds system\dna_editor_cpp\dna_editor\x64\debug\dna_editor.tlog\link.command.1.tlog
d:\ksa\r&e\ddds_randomaccesssystem\ddds system\dna_editor_cpp\dna_editor\x64\debug\dna_editor.tlog\link.read.1.tlog
d:\ksa\r&e\ddds_randomaccesssystem\ddds system\dna_editor_cpp\dna_editor\x64\debug\dna_editor.tlog\link.write.1.tlog
