  Main.cpp
C:\Program Files\Microsoft Visual Studio\2022\Community\VC\Tools\MSVC\14.35.32215\include\xstring(2859,53): warning C4244: 'argument': conversion from 'wchar_t' to 'const _Elem', possible loss of data
          with
          [
              _Elem=char
          ]
C:\Program Files\Microsoft Visual Studio\2022\Community\VC\Tools\MSVC\14.35.32215\include\xstring(2718,1): message : see reference to function template instantiation 'void std::basic_string<char,std::char_traits<char>,std::allocator<char>>::_Construct_from_iter<wchar_t*,wchar_t*,_Size_type>(_Iter,const _Sent,_Size)' being compiled
          with
          [
              _Size_type=unsigned __int64,
              _Iter=wchar_t *,
              _Sent=wchar_t *,
              _Size=unsigned __int64
          ]
C:\Program Files\Microsoft Visual Studio\2022\Community\VC\Tools\MSVC\14.35.32215\include\xstring(2718,37): message : see reference to function template instantiation 'void std::basic_string<char,std::char_traits<char>,std::allocator<char>>::_Construct_from_iter<wchar_t*,wchar_t*,_Size_type>(_Iter,const _Sent,_Size)' being compiled
          with
          [
              _Size_type=unsigned __int64,
              _Iter=wchar_t *,
              _Sent=wchar_t *,
              _Size=unsigned __int64
          ]
C:\Program Files\Microsoft Visual Studio\2022\Community\VC\Tools\MSVC\14.35.32215\include\xstring(3579,1): message : see reference to function template instantiation 'std::basic_string<char,std::char_traits<char>,std::allocator<char>>::basic_string<wchar_t*,0>(_Iter,_Iter,const _Alloc &)' being compiled
          with
          [
              _Iter=wchar_t *,
              _Alloc=std::allocator<char>
          ]
C:\Program Files\Microsoft Visual Studio\2022\Community\VC\Tools\MSVC\14.35.32215\include\xstring(3579,32): message : see reference to function template instantiation 'std::basic_string<char,std::char_traits<char>,std::allocator<char>>::basic_string<wchar_t*,0>(_Iter,_Iter,const _Alloc &)' being compiled
          with
          [
              _Iter=wchar_t *,
              _Alloc=std::allocator<char>
          ]
D:\KSA\R&E\DDDS_RandomAccessSystem\DDDS System\DNA_Noise_Generator\DNA_Noise_Generator\Main.cpp(27): message : see reference to function template instantiation 'std::basic_string<char,std::char_traits<char>,std::allocator<char>> &std::basic_string<char,std::char_traits<char>,std::allocator<char>>::assign<std::_String_iterator<std::_String_val<std::_Simple_types<_Elem>>>,0>(const _Iter,const _Iter)' being compiled
          with
          [
              _Elem=wchar_t,
              _Iter=std::_String_iterator<std::_String_val<std::_Simple_types<wchar_t>>>
          ]
D:\KSA\R&E\DDDS_RandomAccessSystem\DDDS System\DNA_Noise_Generator\DNA_Noise_Generator\Main.cpp(27,13): message : see reference to function template instantiation 'std::basic_string<char,std::char_traits<char>,std::allocator<char>> &std::basic_string<char,std::char_traits<char>,std::allocator<char>>::assign<std::_String_iterator<std::_String_val<std::_Simple_types<_Elem>>>,0>(const _Iter,const _Iter)' being compiled
          with
          [
              _Elem=wchar_t,
              _Iter=std::_String_iterator<std::_String_val<std::_Simple_types<wchar_t>>>
          ]
  DNA_Noise_Generator.vcxproj -> D:\KSA\R&E\DDDS_RandomAccessSystem\DDDS System\DNA_Noise_Generator\x64\Debug\DNA_Noise_Generator.exe
