  Decoder.cpp
D:\KSA\R&E\DDDS_RandomAccessSystem\DDDS System\DNA_Editor\ezpwd\rs_base(810,50): warning C4244: 'argument': conversion from '__int64' to 'int', possible loss of data
D:\KSA\R&E\DDDS_RandomAccessSystem\DDDS System\DNA_Editor\ezpwd\rs_base(806,1): message : while compiling class template member function 'int ezpwd::reed_solomon<uint8_t,8,10,1,1,ezpwd::gfpoly<8,285>>::decode(const std::pair<uint32_t *,uint32_t *> &,const std::pair<uint32_t *,uint32_t *> &,const std::vector<int,std::allocator<int>> &,std::vector<int,std::allocator<int>> *) const'
D:\KSA\R&E\DDDS_RandomAccessSystem\DDDS System\DNA_Editor\ezpwd\rs(80): message : see reference to class template instantiation 'ezpwd::reed_solomon<uint8_t,8,10,1,1,ezpwd::gfpoly<8,285>>' being compiled
D:\KSA\R&E\DDDS_RandomAccessSystem\DDDS System\DNA_Editor\DNA_Editor\Decoder.cpp(54,53): message : see reference to class template instantiation 'ezpwd::RS<255,245>' being compiled
D:\KSA\R&E\DDDS_RandomAccessSystem\DDDS System\DNA_Editor\ezpwd\rs_base(793,50): warning C4244: 'argument': conversion from '__int64' to 'int', possible loss of data
D:\KSA\R&E\DDDS_RandomAccessSystem\DDDS System\DNA_Editor\ezpwd\rs_base(792,1): message : while compiling class template member function 'int ezpwd::reed_solomon<uint8_t,8,10,1,1,ezpwd::gfpoly<8,285>>::decode(const std::pair<uint32_t *,uint32_t *> &,const std::vector<int,std::allocator<int>> &,std::vector<int,std::allocator<int>> *) const'
D:\KSA\R&E\DDDS_RandomAccessSystem\DDDS System\DNA_Editor\ezpwd\rs_base(781,50): warning C4244: 'argument': conversion from '__int64' to 'int', possible loss of data
D:\KSA\R&E\DDDS_RandomAccessSystem\DDDS System\DNA_Editor\ezpwd\rs_base(777,1): message : while compiling class template member function 'int ezpwd::reed_solomon<uint8_t,8,10,1,1,ezpwd::gfpoly<8,285>>::decode(const std::pair<uint16_t *,uint16_t *> &,const std::pair<uint16_t *,uint16_t *> &,const std::vector<int,std::allocator<int>> &,std::vector<int,std::allocator<int>> *) const'
D:\KSA\R&E\DDDS_RandomAccessSystem\DDDS System\DNA_Editor\ezpwd\rs_base(764,50): warning C4244: 'argument': conversion from '__int64' to 'int', possible loss of data
D:\KSA\R&E\DDDS_RandomAccessSystem\DDDS System\DNA_Editor\ezpwd\rs_base(763,1): message : while compiling class template member function 'int ezpwd::reed_solomon<uint8_t,8,10,1,1,ezpwd::gfpoly<8,285>>::decode(const std::pair<uint16_t *,uint16_t *> &,const std::vector<int,std::allocator<int>> &,std::vector<int,std::allocator<int>> *) const'
D:\KSA\R&E\DDDS_RandomAccessSystem\DDDS System\DNA_Editor\ezpwd\rs_base(752,50): warning C4244: 'argument': conversion from '__int64' to 'int', possible loss of data
D:\KSA\R&E\DDDS_RandomAccessSystem\DDDS System\DNA_Editor\ezpwd\rs_base(748,1): message : while compiling class template member function 'int ezpwd::reed_solomon<uint8_t,8,10,1,1,ezpwd::gfpoly<8,285>>::decode(const std::pair<uint8_t *,uint8_t *> &,const std::pair<uint8_t *,uint8_t *> &,const std::vector<int,std::allocator<int>> &,std::vector<int,std::allocator<int>> *) const'
D:\KSA\R&E\DDDS_RandomAccessSystem\DDDS System\DNA_Editor\ezpwd\rs_base(735,50): warning C4244: 'argument': conversion from '__int64' to 'int', possible loss of data
D:\KSA\R&E\DDDS_RandomAccessSystem\DDDS System\DNA_Editor\ezpwd\rs_base(734,1): message : while compiling class template member function 'int ezpwd::reed_solomon<uint8_t,8,10,1,1,ezpwd::gfpoly<8,285>>::decode(const std::pair<uint8_t *,uint8_t *> &,const std::vector<int,std::allocator<int>> &,std::vector<int,std::allocator<int>> *) const'
D:\KSA\R&E\DDDS_RandomAccessSystem\DDDS System\DNA_Editor\ezpwd\rs_base(678,50): warning C4244: 'argument': conversion from '__int64' to 'int', possible loss of data
D:\KSA\R&E\DDDS_RandomAccessSystem\DDDS System\DNA_Editor\ezpwd\rs_base(674,1): message : while compiling class template member function 'int ezpwd::reed_solomon<uint8_t,8,10,1,1,ezpwd::gfpoly<8,285>>::encode(const std::pair<const uint32_t *,const uint32_t *> &,const std::pair<uint32_t *,uint32_t *> &) const'
D:\KSA\R&E\DDDS_RandomAccessSystem\DDDS System\DNA_Editor\ezpwd\rs_base(665,63): warning C4244: 'argument': conversion from '__int64' to 'int', possible loss of data
D:\KSA\R&E\DDDS_RandomAccessSystem\DDDS System\DNA_Editor\ezpwd\rs_base(664,1): message : while compiling class template member function 'int ezpwd::reed_solomon<uint8_t,8,10,1,1,ezpwd::gfpoly<8,285>>::encode(const std::pair<uint32_t *,uint32_t *> &) const'
D:\KSA\R&E\DDDS_RandomAccessSystem\DDDS System\DNA_Editor\ezpwd\rs_base(657,50): warning C4244: 'argument': conversion from '__int64' to 'int', possible loss of data
D:\KSA\R&E\DDDS_RandomAccessSystem\DDDS System\DNA_Editor\ezpwd\rs_base(653,1): message : while compiling class template member function 'int ezpwd::reed_solomon<uint8_t,8,10,1,1,ezpwd::gfpoly<8,285>>::encode(const std::pair<const uint16_t *,const uint16_t *> &,const std::pair<uint16_t *,uint16_t *> &) const'
D:\KSA\R&E\DDDS_RandomAccessSystem\DDDS System\DNA_Editor\ezpwd\rs_base(644,63): warning C4244: 'argument': conversion from '__int64' to 'int', possible loss of data
D:\KSA\R&E\DDDS_RandomAccessSystem\DDDS System\DNA_Editor\ezpwd\rs_base(643,1): message : while compiling class template member function 'int ezpwd::reed_solomon<uint8_t,8,10,1,1,ezpwd::gfpoly<8,285>>::encode(const std::pair<uint16_t *,uint16_t *> &) const'
D:\KSA\R&E\DDDS_RandomAccessSystem\DDDS System\DNA_Editor\ezpwd\rs_base(636,50): warning C4244: 'argument': conversion from '__int64' to 'int', possible loss of data
D:\KSA\R&E\DDDS_RandomAccessSystem\DDDS System\DNA_Editor\ezpwd\rs_base(632,1): message : while compiling class template member function 'int ezpwd::reed_solomon<uint8_t,8,10,1,1,ezpwd::gfpoly<8,285>>::encode(const std::pair<const uint8_t *,const uint8_t *> &,const std::pair<uint8_t *,uint8_t *> &) const'
D:\KSA\R&E\DDDS_RandomAccessSystem\DDDS System\DNA_Editor\ezpwd\rs_base(623,63): warning C4244: 'argument': conversion from '__int64' to 'int', possible loss of data
D:\KSA\R&E\DDDS_RandomAccessSystem\DDDS System\DNA_Editor\ezpwd\rs_base(622,1): message : while compiling class template member function 'int ezpwd::reed_solomon<uint8_t,8,10,1,1,ezpwd::gfpoly<8,285>>::encode(const std::pair<uint8_t *,uint8_t *> &) const'
D:\KSA\R&E\DDDS_RandomAccessSystem\DDDS System\DNA_Editor\ezpwd\rs_base(886,1): warning C4267: 'argument': conversion from 'size_t' to 'int', possible loss of data
D:\KSA\R&E\DDDS_RandomAccessSystem\DDDS System\DNA_Editor\ezpwd\rs_base(811,1): message : see reference to function template instantiation 'int ezpwd::reed_solomon<uint8_t,8,10,1,1,ezpwd::gfpoly<8,285>>::decode_mask<uint32_t>(INP *,int,INP *,const std::vector<int,std::allocator<int>> &,std::vector<int,std::allocator<int>> *) const' being compiled
          with
          [
              INP=uint32_t
          ]
D:\KSA\R&E\DDDS_RandomAccessSystem\DDDS System\DNA_Editor\ezpwd\rs_base(810,6): message : see reference to function template instantiation 'int ezpwd::reed_solomon<uint8_t,8,10,1,1,ezpwd::gfpoly<8,285>>::decode_mask<uint32_t>(INP *,int,INP *,const std::vector<int,std::allocator<int>> &,std::vector<int,std::allocator<int>> *) const' being compiled
          with
          [
              INP=uint32_t
          ]
D:\KSA\R&E\DDDS_RandomAccessSystem\DDDS System\DNA_Editor\ezpwd\rs_base(806,1): message : while compiling class template member function 'int ezpwd::reed_solomon<uint8_t,8,10,1,1,ezpwd::gfpoly<8,285>>::decode(const std::pair<uint32_t *,uint32_t *> &,const std::pair<uint32_t *,uint32_t *> &,const std::vector<int,std::allocator<int>> &,std::vector<int,std::allocator<int>> *) const'
D:\KSA\R&E\DDDS_RandomAccessSystem\DDDS System\DNA_Editor\ezpwd\rs_base(862,32): warning C4244: '=': conversion from 'INP' to '_Ty', possible loss of data
          with
          [
              INP=uint16_t
          ]
          and
          [
              _Ty=uint8_t
          ]
D:\KSA\R&E\DDDS_RandomAccessSystem\DDDS System\DNA_Editor\ezpwd\rs_base(782,1): message : see reference to function template instantiation 'int ezpwd::reed_solomon<uint8_t,8,10,1,1,ezpwd::gfpoly<8,285>>::decode_mask<uint16_t>(INP *,int,INP *,const std::vector<int,std::allocator<int>> &,std::vector<int,std::allocator<int>> *) const' being compiled
          with
          [
              INP=uint16_t
          ]
D:\KSA\R&E\DDDS_RandomAccessSystem\DDDS System\DNA_Editor\ezpwd\rs_base(781,6): message : see reference to function template instantiation 'int ezpwd::reed_solomon<uint8_t,8,10,1,1,ezpwd::gfpoly<8,285>>::decode_mask<uint16_t>(INP *,int,INP *,const std::vector<int,std::allocator<int>> &,std::vector<int,std::allocator<int>> *) const' being compiled
          with
          [
              INP=uint16_t
          ]
D:\KSA\R&E\DDDS_RandomAccessSystem\DDDS System\DNA_Editor\ezpwd\rs_base(777,1): message : while compiling class template member function 'int ezpwd::reed_solomon<uint8_t,8,10,1,1,ezpwd::gfpoly<8,285>>::decode(const std::pair<uint16_t *,uint16_t *> &,const std::pair<uint16_t *,uint16_t *> &,const std::vector<int,std::allocator<int>> &,std::vector<int,std::allocator<int>> *) const'
C:\Program Files\Microsoft Visual Studio\2022\Community\VC\Tools\MSVC\14.35.32215\include\xstring(2859,53): warning C4244: 'argument': conversion from 'wchar_t' to 'const _Elem', possible loss of data
          with
          [
              _Elem=char
          ]
C:\Program Files\Microsoft Visual Studio\2022\Community\VC\Tools\MSVC\14.35.32215\include\xstring(2718,1): message : see reference to function template instantiation 'void std::basic_string<char,std::char_traits<char>,std::allocator<char>>::_Construct_from_iter<wchar_t*,wchar_t*,_Size_type>(_Iter,const _Sent,_Size)' being compiled
          with
          [
              _Size_type=unsigned __int64,
              _Iter=wchar_t *,
              _Sent=wchar_t *,
              _Size=unsigned __int64
          ]
C:\Program Files\Microsoft Visual Studio\2022\Community\VC\Tools\MSVC\14.35.32215\include\xstring(2718,37): message : see reference to function template instantiation 'void std::basic_string<char,std::char_traits<char>,std::allocator<char>>::_Construct_from_iter<wchar_t*,wchar_t*,_Size_type>(_Iter,const _Sent,_Size)' being compiled
          with
          [
              _Size_type=unsigned __int64,
              _Iter=wchar_t *,
              _Sent=wchar_t *,
              _Size=unsigned __int64
          ]
C:\Program Files\Microsoft Visual Studio\2022\Community\VC\Tools\MSVC\14.35.32215\include\xstring(3579,1): message : see reference to function template instantiation 'std::basic_string<char,std::char_traits<char>,std::allocator<char>>::basic_string<wchar_t*,0>(_Iter,_Iter,const _Alloc &)' being compiled
          with
          [
              _Iter=wchar_t *,
              _Alloc=std::allocator<char>
          ]
C:\Program Files\Microsoft Visual Studio\2022\Community\VC\Tools\MSVC\14.35.32215\include\xstring(3579,32): message : see reference to function template instantiation 'std::basic_string<char,std::char_traits<char>,std::allocator<char>>::basic_string<wchar_t*,0>(_Iter,_Iter,const _Alloc &)' being compiled
          with
          [
              _Iter=wchar_t *,
              _Alloc=std::allocator<char>
          ]
D:\KSA\R&E\DDDS_RandomAccessSystem\DDDS System\DNA_Editor\DNA_Editor\Decoder.cpp(32): message : see reference to function template instantiation 'std::basic_string<char,std::char_traits<char>,std::allocator<char>> &std::basic_string<char,std::char_traits<char>,std::allocator<char>>::assign<std::_String_iterator<std::_String_val<std::_Simple_types<_Elem>>>,0>(const _Iter,const _Iter)' being compiled
          with
          [
              _Elem=wchar_t,
              _Iter=std::_String_iterator<std::_String_val<std::_Simple_types<wchar_t>>>
          ]
D:\KSA\R&E\DDDS_RandomAccessSystem\DDDS System\DNA_Editor\DNA_Editor\Decoder.cpp(32,13): message : see reference to function template instantiation 'std::basic_string<char,std::char_traits<char>,std::allocator<char>> &std::basic_string<char,std::char_traits<char>,std::allocator<char>>::assign<std::_String_iterator<std::_String_val<std::_Simple_types<_Elem>>>,0>(const _Iter,const _Iter)' being compiled
          with
          [
              _Elem=wchar_t,
              _Iter=std::_String_iterator<std::_String_val<std::_Simple_types<wchar_t>>>
          ]
  Encoder.cpp
D:\KSA\R&E\DDDS_RandomAccessSystem\DDDS System\DNA_Editor\ezpwd\rs_base(810,50): warning C4244: 'argument': conversion from '__int64' to 'int', possible loss of data
D:\KSA\R&E\DDDS_RandomAccessSystem\DDDS System\DNA_Editor\ezpwd\rs_base(806,1): message : while compiling class template member function 'int ezpwd::reed_solomon<uint8_t,8,10,1,1,ezpwd::gfpoly<8,285>>::decode(const std::pair<uint32_t *,uint32_t *> &,const std::pair<uint32_t *,uint32_t *> &,const std::vector<int,std::allocator<int>> &,std::vector<int,std::allocator<int>> *) const'
D:\KSA\R&E\DDDS_RandomAccessSystem\DDDS System\DNA_Editor\ezpwd\rs(80): message : see reference to class template instantiation 'ezpwd::reed_solomon<uint8_t,8,10,1,1,ezpwd::gfpoly<8,285>>' being compiled
D:\KSA\R&E\DDDS_RandomAccessSystem\DDDS System\DNA_Editor\DNA_Editor\Encoder.cpp(81,53): message : see reference to class template instantiation 'ezpwd::RS<255,245>' being compiled
D:\KSA\R&E\DDDS_RandomAccessSystem\DDDS System\DNA_Editor\ezpwd\rs_base(793,50): warning C4244: 'argument': conversion from '__int64' to 'int', possible loss of data
D:\KSA\R&E\DDDS_RandomAccessSystem\DDDS System\DNA_Editor\ezpwd\rs_base(792,1): message : while compiling class template member function 'int ezpwd::reed_solomon<uint8_t,8,10,1,1,ezpwd::gfpoly<8,285>>::decode(const std::pair<uint32_t *,uint32_t *> &,const std::vector<int,std::allocator<int>> &,std::vector<int,std::allocator<int>> *) const'
D:\KSA\R&E\DDDS_RandomAccessSystem\DDDS System\DNA_Editor\ezpwd\rs_base(781,50): warning C4244: 'argument': conversion from '__int64' to 'int', possible loss of data
D:\KSA\R&E\DDDS_RandomAccessSystem\DDDS System\DNA_Editor\ezpwd\rs_base(777,1): message : while compiling class template member function 'int ezpwd::reed_solomon<uint8_t,8,10,1,1,ezpwd::gfpoly<8,285>>::decode(const std::pair<uint16_t *,uint16_t *> &,const std::pair<uint16_t *,uint16_t *> &,const std::vector<int,std::allocator<int>> &,std::vector<int,std::allocator<int>> *) const'
D:\KSA\R&E\DDDS_RandomAccessSystem\DDDS System\DNA_Editor\ezpwd\rs_base(764,50): warning C4244: 'argument': conversion from '__int64' to 'int', possible loss of data
D:\KSA\R&E\DDDS_RandomAccessSystem\DDDS System\DNA_Editor\ezpwd\rs_base(763,1): message : while compiling class template member function 'int ezpwd::reed_solomon<uint8_t,8,10,1,1,ezpwd::gfpoly<8,285>>::decode(const std::pair<uint16_t *,uint16_t *> &,const std::vector<int,std::allocator<int>> &,std::vector<int,std::allocator<int>> *) const'
D:\KSA\R&E\DDDS_RandomAccessSystem\DDDS System\DNA_Editor\ezpwd\rs_base(752,50): warning C4244: 'argument': conversion from '__int64' to 'int', possible loss of data
D:\KSA\R&E\DDDS_RandomAccessSystem\DDDS System\DNA_Editor\ezpwd\rs_base(748,1): message : while compiling class template member function 'int ezpwd::reed_solomon<uint8_t,8,10,1,1,ezpwd::gfpoly<8,285>>::decode(const std::pair<uint8_t *,uint8_t *> &,const std::pair<uint8_t *,uint8_t *> &,const std::vector<int,std::allocator<int>> &,std::vector<int,std::allocator<int>> *) const'
D:\KSA\R&E\DDDS_RandomAccessSystem\DDDS System\DNA_Editor\ezpwd\rs_base(735,50): warning C4244: 'argument': conversion from '__int64' to 'int', possible loss of data
D:\KSA\R&E\DDDS_RandomAccessSystem\DDDS System\DNA_Editor\ezpwd\rs_base(734,1): message : while compiling class template member function 'int ezpwd::reed_solomon<uint8_t,8,10,1,1,ezpwd::gfpoly<8,285>>::decode(const std::pair<uint8_t *,uint8_t *> &,const std::vector<int,std::allocator<int>> &,std::vector<int,std::allocator<int>> *) const'
D:\KSA\R&E\DDDS_RandomAccessSystem\DDDS System\DNA_Editor\ezpwd\rs_base(678,50): warning C4244: 'argument': conversion from '__int64' to 'int', possible loss of data
D:\KSA\R&E\DDDS_RandomAccessSystem\DDDS System\DNA_Editor\ezpwd\rs_base(674,1): message : while compiling class template member function 'int ezpwd::reed_solomon<uint8_t,8,10,1,1,ezpwd::gfpoly<8,285>>::encode(const std::pair<const uint32_t *,const uint32_t *> &,const std::pair<uint32_t *,uint32_t *> &) const'
D:\KSA\R&E\DDDS_RandomAccessSystem\DDDS System\DNA_Editor\ezpwd\rs_base(665,63): warning C4244: 'argument': conversion from '__int64' to 'int', possible loss of data
D:\KSA\R&E\DDDS_RandomAccessSystem\DDDS System\DNA_Editor\ezpwd\rs_base(664,1): message : while compiling class template member function 'int ezpwd::reed_solomon<uint8_t,8,10,1,1,ezpwd::gfpoly<8,285>>::encode(const std::pair<uint32_t *,uint32_t *> &) const'
D:\KSA\R&E\DDDS_RandomAccessSystem\DDDS System\DNA_Editor\ezpwd\rs_base(657,50): warning C4244: 'argument': conversion from '__int64' to 'int', possible loss of data
D:\KSA\R&E\DDDS_RandomAccessSystem\DDDS System\DNA_Editor\ezpwd\rs_base(653,1): message : while compiling class template member function 'int ezpwd::reed_solomon<uint8_t,8,10,1,1,ezpwd::gfpoly<8,285>>::encode(const std::pair<const uint16_t *,const uint16_t *> &,const std::pair<uint16_t *,uint16_t *> &) const'
D:\KSA\R&E\DDDS_RandomAccessSystem\DDDS System\DNA_Editor\ezpwd\rs_base(644,63): warning C4244: 'argument': conversion from '__int64' to 'int', possible loss of data
D:\KSA\R&E\DDDS_RandomAccessSystem\DDDS System\DNA_Editor\ezpwd\rs_base(643,1): message : while compiling class template member function 'int ezpwd::reed_solomon<uint8_t,8,10,1,1,ezpwd::gfpoly<8,285>>::encode(const std::pair<uint16_t *,uint16_t *> &) const'
D:\KSA\R&E\DDDS_RandomAccessSystem\DDDS System\DNA_Editor\ezpwd\rs_base(636,50): warning C4244: 'argument': conversion from '__int64' to 'int', possible loss of data
D:\KSA\R&E\DDDS_RandomAccessSystem\DDDS System\DNA_Editor\ezpwd\rs_base(632,1): message : while compiling class template member function 'int ezpwd::reed_solomon<uint8_t,8,10,1,1,ezpwd::gfpoly<8,285>>::encode(const std::pair<const uint8_t *,const uint8_t *> &,const std::pair<uint8_t *,uint8_t *> &) const'
D:\KSA\R&E\DDDS_RandomAccessSystem\DDDS System\DNA_Editor\ezpwd\rs_base(623,63): warning C4244: 'argument': conversion from '__int64' to 'int', possible loss of data
D:\KSA\R&E\DDDS_RandomAccessSystem\DDDS System\DNA_Editor\ezpwd\rs_base(622,1): message : while compiling class template member function 'int ezpwd::reed_solomon<uint8_t,8,10,1,1,ezpwd::gfpoly<8,285>>::encode(const std::pair<uint8_t *,uint8_t *> &) const'
D:\KSA\R&E\DDDS_RandomAccessSystem\DDDS System\DNA_Editor\ezpwd\rs_base(886,1): warning C4267: 'argument': conversion from 'size_t' to 'int', possible loss of data
D:\KSA\R&E\DDDS_RandomAccessSystem\DDDS System\DNA_Editor\ezpwd\rs_base(811,1): message : see reference to function template instantiation 'int ezpwd::reed_solomon<uint8_t,8,10,1,1,ezpwd::gfpoly<8,285>>::decode_mask<uint32_t>(INP *,int,INP *,const std::vector<int,std::allocator<int>> &,std::vector<int,std::allocator<int>> *) const' being compiled
          with
          [
              INP=uint32_t
          ]
D:\KSA\R&E\DDDS_RandomAccessSystem\DDDS System\DNA_Editor\ezpwd\rs_base(810,6): message : see reference to function template instantiation 'int ezpwd::reed_solomon<uint8_t,8,10,1,1,ezpwd::gfpoly<8,285>>::decode_mask<uint32_t>(INP *,int,INP *,const std::vector<int,std::allocator<int>> &,std::vector<int,std::allocator<int>> *) const' being compiled
          with
          [
              INP=uint32_t
          ]
D:\KSA\R&E\DDDS_RandomAccessSystem\DDDS System\DNA_Editor\ezpwd\rs_base(806,1): message : while compiling class template member function 'int ezpwd::reed_solomon<uint8_t,8,10,1,1,ezpwd::gfpoly<8,285>>::decode(const std::pair<uint32_t *,uint32_t *> &,const std::pair<uint32_t *,uint32_t *> &,const std::vector<int,std::allocator<int>> &,std::vector<int,std::allocator<int>> *) const'
D:\KSA\R&E\DDDS_RandomAccessSystem\DDDS System\DNA_Editor\ezpwd\rs_base(862,32): warning C4244: '=': conversion from 'INP' to '_Ty', possible loss of data
          with
          [
              INP=uint16_t
          ]
          and
          [
              _Ty=uint8_t
          ]
D:\KSA\R&E\DDDS_RandomAccessSystem\DDDS System\DNA_Editor\ezpwd\rs_base(782,1): message : see reference to function template instantiation 'int ezpwd::reed_solomon<uint8_t,8,10,1,1,ezpwd::gfpoly<8,285>>::decode_mask<uint16_t>(INP *,int,INP *,const std::vector<int,std::allocator<int>> &,std::vector<int,std::allocator<int>> *) const' being compiled
          with
          [
              INP=uint16_t
          ]
D:\KSA\R&E\DDDS_RandomAccessSystem\DDDS System\DNA_Editor\ezpwd\rs_base(781,6): message : see reference to function template instantiation 'int ezpwd::reed_solomon<uint8_t,8,10,1,1,ezpwd::gfpoly<8,285>>::decode_mask<uint16_t>(INP *,int,INP *,const std::vector<int,std::allocator<int>> &,std::vector<int,std::allocator<int>> *) const' being compiled
          with
          [
              INP=uint16_t
          ]
D:\KSA\R&E\DDDS_RandomAccessSystem\DDDS System\DNA_Editor\ezpwd\rs_base(777,1): message : while compiling class template member function 'int ezpwd::reed_solomon<uint8_t,8,10,1,1,ezpwd::gfpoly<8,285>>::decode(const std::pair<uint16_t *,uint16_t *> &,const std::pair<uint16_t *,uint16_t *> &,const std::vector<int,std::allocator<int>> &,std::vector<int,std::allocator<int>> *) const'
C:\Program Files\Microsoft Visual Studio\2022\Community\VC\Tools\MSVC\14.35.32215\include\xstring(2859,53): warning C4244: 'argument': conversion from 'wchar_t' to 'const _Elem', possible loss of data
          with
          [
              _Elem=char
          ]
C:\Program Files\Microsoft Visual Studio\2022\Community\VC\Tools\MSVC\14.35.32215\include\xstring(2718,1): message : see reference to function template instantiation 'void std::basic_string<char,std::char_traits<char>,std::allocator<char>>::_Construct_from_iter<wchar_t*,wchar_t*,_Size_type>(_Iter,const _Sent,_Size)' being compiled
          with
          [
              _Size_type=unsigned __int64,
              _Iter=wchar_t *,
              _Sent=wchar_t *,
              _Size=unsigned __int64
          ]
C:\Program Files\Microsoft Visual Studio\2022\Community\VC\Tools\MSVC\14.35.32215\include\xstring(2718,37): message : see reference to function template instantiation 'void std::basic_string<char,std::char_traits<char>,std::allocator<char>>::_Construct_from_iter<wchar_t*,wchar_t*,_Size_type>(_Iter,const _Sent,_Size)' being compiled
          with
          [
              _Size_type=unsigned __int64,
              _Iter=wchar_t *,
              _Sent=wchar_t *,
              _Size=unsigned __int64
          ]
C:\Program Files\Microsoft Visual Studio\2022\Community\VC\Tools\MSVC\14.35.32215\include\xstring(3579,1): message : see reference to function template instantiation 'std::basic_string<char,std::char_traits<char>,std::allocator<char>>::basic_string<wchar_t*,0>(_Iter,_Iter,const _Alloc &)' being compiled
          with
          [
              _Iter=wchar_t *,
              _Alloc=std::allocator<char>
          ]
C:\Program Files\Microsoft Visual Studio\2022\Community\VC\Tools\MSVC\14.35.32215\include\xstring(3579,32): message : see reference to function template instantiation 'std::basic_string<char,std::char_traits<char>,std::allocator<char>>::basic_string<wchar_t*,0>(_Iter,_Iter,const _Alloc &)' being compiled
          with
          [
              _Iter=wchar_t *,
              _Alloc=std::allocator<char>
          ]
D:\KSA\R&E\DDDS_RandomAccessSystem\DDDS System\DNA_Editor\DNA_Editor\Encoder.cpp(37): message : see reference to function template instantiation 'std::basic_string<char,std::char_traits<char>,std::allocator<char>> &std::basic_string<char,std::char_traits<char>,std::allocator<char>>::assign<std::_String_iterator<std::_String_val<std::_Simple_types<_Elem>>>,0>(const _Iter,const _Iter)' being compiled
          with
          [
              _Elem=wchar_t,
              _Iter=std::_String_iterator<std::_String_val<std::_Simple_types<wchar_t>>>
          ]
D:\KSA\R&E\DDDS_RandomAccessSystem\DDDS System\DNA_Editor\DNA_Editor\Encoder.cpp(37,13): message : see reference to function template instantiation 'std::basic_string<char,std::char_traits<char>,std::allocator<char>> &std::basic_string<char,std::char_traits<char>,std::allocator<char>>::assign<std::_String_iterator<std::_String_val<std::_Simple_types<_Elem>>>,0>(const _Iter,const _Iter)' being compiled
          with
          [
              _Elem=wchar_t,
              _Iter=std::_String_iterator<std::_String_val<std::_Simple_types<wchar_t>>>
          ]
  Main.cpp
  Generating Code...
  LINK : D:\KSA\R&E\DDDS_RandomAccessSystem\DDDS System\DNA_Editor\x64\Debug\DNA_Editor.exe not found or not built by the last incremental link; performing full link
  DNA_Editor.vcxproj -> D:\KSA\R&E\DDDS_RandomAccessSystem\DDDS System\DNA_Editor\x64\Debug\DNA_Editor.exe
