  DNA.cpp
D:\KSA\R&E\DDDS_RandomAccessSystem\DDDS System\DNA_Editor\DNA_Editor\DNA.cpp(29,40): warning C4267: '+=': conversion from 'size_t' to 'int', possible loss of data
D:\KSA\R&E\DDDS_RandomAccessSystem\DDDS System\DNA_Editor\DNA_Editor\DNA.cpp(31,23): warning C4267: '-=': conversion from 'size_t' to 'int', possible loss of data
D:\KSA\R&E\DDDS_RandomAccessSystem\DDDS System\DNA_Editor\DNA_Editor\DNA.cpp(41,3): warning C4267: 'initializing': conversion from 'size_t' to 'int', possible loss of data
D:\KSA\R&E\DDDS_RandomAccessSystem\DDDS System\DNA_Editor\DNA_Editor\DNA.cpp(188,68): warning C4267: 'argument': conversion from 'size_t' to 'int', possible loss of data
D:\KSA\R&E\DDDS_RandomAccessSystem\DDDS System\DNA_Editor\DNA_Editor\DNA.cpp(212,36): warning C4267: '=': conversion from 'size_t' to 'int', possible loss of data
D:\KSA\R&E\DDDS_RandomAccessSystem\DDDS System\DNA_Editor\DNA_Editor\DNA.cpp(237,46): warning C4267: 'initializing': conversion from 'size_t' to 'int', possible loss of data
D:\KSA\R&E\DDDS_RandomAccessSystem\DDDS System\DNA_Editor\DNA_Editor\DNA.cpp(238,46): warning C4267: 'initializing': conversion from 'size_t' to 'int', possible loss of data
D:\KSA\R&E\DDDS_RandomAccessSystem\DDDS System\DNA_Editor\DNA_Editor\DNA.cpp(362,38): warning C4267: 'return': conversion from 'size_t' to 'int', possible loss of data
D:\KSA\R&E\DDDS_RandomAccessSystem\DDDS System\DNA_Editor\ezpwd\rs_base(810,50): warning C4244: 'argument': conversion from '__int64' to 'int', possible loss of data
D:\KSA\R&E\DDDS_RandomAccessSystem\DDDS System\DNA_Editor\ezpwd\rs_base(806,1): message : while compiling class template member function 'int ezpwd::reed_solomon<uint8_t,8,2,1,1,ezpwd::gfpoly<8,285>>::decode(const std::pair<uint32_t *,uint32_t *> &,const std::pair<uint32_t *,uint32_t *> &,const std::vector<int,std::allocator<int>> &,std::vector<int,std::allocator<int>> *) const'
D:\KSA\R&E\DDDS_RandomAccessSystem\DDDS System\DNA_Editor\ezpwd\rs(80): message : see reference to class template instantiation 'ezpwd::reed_solomon<uint8_t,8,2,1,1,ezpwd::gfpoly<8,285>>' being compiled
D:\KSA\R&E\DDDS_RandomAccessSystem\DDDS System\DNA_Editor\DNA_Editor\DNA.cpp(416,10): message : see reference to class template instantiation 'ezpwd::RS<255,253>' being compiled
D:\KSA\R&E\DDDS_RandomAccessSystem\DDDS System\DNA_Editor\ezpwd\rs_base(793,50): warning C4244: 'argument': conversion from '__int64' to 'int', possible loss of data
D:\KSA\R&E\DDDS_RandomAccessSystem\DDDS System\DNA_Editor\ezpwd\rs_base(792,1): message : while compiling class template member function 'int ezpwd::reed_solomon<uint8_t,8,2,1,1,ezpwd::gfpoly<8,285>>::decode(const std::pair<uint32_t *,uint32_t *> &,const std::vector<int,std::allocator<int>> &,std::vector<int,std::allocator<int>> *) const'
D:\KSA\R&E\DDDS_RandomAccessSystem\DDDS System\DNA_Editor\ezpwd\rs_base(781,50): warning C4244: 'argument': conversion from '__int64' to 'int', possible loss of data
D:\KSA\R&E\DDDS_RandomAccessSystem\DDDS System\DNA_Editor\ezpwd\rs_base(777,1): message : while compiling class template member function 'int ezpwd::reed_solomon<uint8_t,8,2,1,1,ezpwd::gfpoly<8,285>>::decode(const std::pair<uint16_t *,uint16_t *> &,const std::pair<uint16_t *,uint16_t *> &,const std::vector<int,std::allocator<int>> &,std::vector<int,std::allocator<int>> *) const'
D:\KSA\R&E\DDDS_RandomAccessSystem\DDDS System\DNA_Editor\ezpwd\rs_base(764,50): warning C4244: 'argument': conversion from '__int64' to 'int', possible loss of data
D:\KSA\R&E\DDDS_RandomAccessSystem\DDDS System\DNA_Editor\ezpwd\rs_base(763,1): message : while compiling class template member function 'int ezpwd::reed_solomon<uint8_t,8,2,1,1,ezpwd::gfpoly<8,285>>::decode(const std::pair<uint16_t *,uint16_t *> &,const std::vector<int,std::allocator<int>> &,std::vector<int,std::allocator<int>> *) const'
D:\KSA\R&E\DDDS_RandomAccessSystem\DDDS System\DNA_Editor\ezpwd\rs_base(752,50): warning C4244: 'argument': conversion from '__int64' to 'int', possible loss of data
D:\KSA\R&E\DDDS_RandomAccessSystem\DDDS System\DNA_Editor\ezpwd\rs_base(748,1): message : while compiling class template member function 'int ezpwd::reed_solomon<uint8_t,8,2,1,1,ezpwd::gfpoly<8,285>>::decode(const std::pair<uint8_t *,uint8_t *> &,const std::pair<uint8_t *,uint8_t *> &,const std::vector<int,std::allocator<int>> &,std::vector<int,std::allocator<int>> *) const'
D:\KSA\R&E\DDDS_RandomAccessSystem\DDDS System\DNA_Editor\ezpwd\rs_base(735,50): warning C4244: 'argument': conversion from '__int64' to 'int', possible loss of data
D:\KSA\R&E\DDDS_RandomAccessSystem\DDDS System\DNA_Editor\ezpwd\rs_base(734,1): message : while compiling class template member function 'int ezpwd::reed_solomon<uint8_t,8,2,1,1,ezpwd::gfpoly<8,285>>::decode(const std::pair<uint8_t *,uint8_t *> &,const std::vector<int,std::allocator<int>> &,std::vector<int,std::allocator<int>> *) const'
D:\KSA\R&E\DDDS_RandomAccessSystem\DDDS System\DNA_Editor\ezpwd\rs_base(678,50): warning C4244: 'argument': conversion from '__int64' to 'int', possible loss of data
D:\KSA\R&E\DDDS_RandomAccessSystem\DDDS System\DNA_Editor\ezpwd\rs_base(674,1): message : while compiling class template member function 'int ezpwd::reed_solomon<uint8_t,8,2,1,1,ezpwd::gfpoly<8,285>>::encode(const std::pair<const uint32_t *,const uint32_t *> &,const std::pair<uint32_t *,uint32_t *> &) const'
D:\KSA\R&E\DDDS_RandomAccessSystem\DDDS System\DNA_Editor\ezpwd\rs_base(665,63): warning C4244: 'argument': conversion from '__int64' to 'int', possible loss of data
D:\KSA\R&E\DDDS_RandomAccessSystem\DDDS System\DNA_Editor\ezpwd\rs_base(664,1): message : while compiling class template member function 'int ezpwd::reed_solomon<uint8_t,8,2,1,1,ezpwd::gfpoly<8,285>>::encode(const std::pair<uint32_t *,uint32_t *> &) const'
D:\KSA\R&E\DDDS_RandomAccessSystem\DDDS System\DNA_Editor\ezpwd\rs_base(657,50): warning C4244: 'argument': conversion from '__int64' to 'int', possible loss of data
D:\KSA\R&E\DDDS_RandomAccessSystem\DDDS System\DNA_Editor\ezpwd\rs_base(653,1): message : while compiling class template member function 'int ezpwd::reed_solomon<uint8_t,8,2,1,1,ezpwd::gfpoly<8,285>>::encode(const std::pair<const uint16_t *,const uint16_t *> &,const std::pair<uint16_t *,uint16_t *> &) const'
D:\KSA\R&E\DDDS_RandomAccessSystem\DDDS System\DNA_Editor\ezpwd\rs_base(644,63): warning C4244: 'argument': conversion from '__int64' to 'int', possible loss of data
D:\KSA\R&E\DDDS_RandomAccessSystem\DDDS System\DNA_Editor\ezpwd\rs_base(643,1): message : while compiling class template member function 'int ezpwd::reed_solomon<uint8_t,8,2,1,1,ezpwd::gfpoly<8,285>>::encode(const std::pair<uint16_t *,uint16_t *> &) const'
D:\KSA\R&E\DDDS_RandomAccessSystem\DDDS System\DNA_Editor\ezpwd\rs_base(636,50): warning C4244: 'argument': conversion from '__int64' to 'int', possible loss of data
D:\KSA\R&E\DDDS_RandomAccessSystem\DDDS System\DNA_Editor\ezpwd\rs_base(632,1): message : while compiling class template member function 'int ezpwd::reed_solomon<uint8_t,8,2,1,1,ezpwd::gfpoly<8,285>>::encode(const std::pair<const uint8_t *,const uint8_t *> &,const std::pair<uint8_t *,uint8_t *> &) const'
D:\KSA\R&E\DDDS_RandomAccessSystem\DDDS System\DNA_Editor\ezpwd\rs_base(623,63): warning C4244: 'argument': conversion from '__int64' to 'int', possible loss of data
D:\KSA\R&E\DDDS_RandomAccessSystem\DDDS System\DNA_Editor\ezpwd\rs_base(622,1): message : while compiling class template member function 'int ezpwd::reed_solomon<uint8_t,8,2,1,1,ezpwd::gfpoly<8,285>>::encode(const std::pair<uint8_t *,uint8_t *> &) const'
D:\KSA\R&E\DDDS_RandomAccessSystem\DDDS System\DNA_Editor\ezpwd\rs_base(886,1): warning C4267: 'argument': conversion from 'size_t' to 'int', possible loss of data
D:\KSA\R&E\DDDS_RandomAccessSystem\DDDS System\DNA_Editor\ezpwd\rs_base(811,1): message : see reference to function template instantiation 'int ezpwd::reed_solomon<uint8_t,8,2,1,1,ezpwd::gfpoly<8,285>>::decode_mask<uint32_t>(INP *,int,INP *,const std::vector<int,std::allocator<int>> &,std::vector<int,std::allocator<int>> *) const' being compiled
          with
          [
              INP=uint32_t
          ]
D:\KSA\R&E\DDDS_RandomAccessSystem\DDDS System\DNA_Editor\ezpwd\rs_base(810,6): message : see reference to function template instantiation 'int ezpwd::reed_solomon<uint8_t,8,2,1,1,ezpwd::gfpoly<8,285>>::decode_mask<uint32_t>(INP *,int,INP *,const std::vector<int,std::allocator<int>> &,std::vector<int,std::allocator<int>> *) const' being compiled
          with
          [
              INP=uint32_t
          ]
D:\KSA\R&E\DDDS_RandomAccessSystem\DDDS System\DNA_Editor\ezpwd\rs_base(806,1): message : while compiling class template member function 'int ezpwd::reed_solomon<uint8_t,8,2,1,1,ezpwd::gfpoly<8,285>>::decode(const std::pair<uint32_t *,uint32_t *> &,const std::pair<uint32_t *,uint32_t *> &,const std::vector<int,std::allocator<int>> &,std::vector<int,std::allocator<int>> *) const'
D:\KSA\R&E\DDDS_RandomAccessSystem\DDDS System\DNA_Editor\ezpwd\rs_base(862,32): warning C4244: '=': conversion from 'INP' to '_Ty', possible loss of data
          with
          [
              INP=uint16_t
          ]
          and
          [
              _Ty=uint8_t
          ]
D:\KSA\R&E\DDDS_RandomAccessSystem\DDDS System\DNA_Editor\ezpwd\rs_base(782,1): message : see reference to function template instantiation 'int ezpwd::reed_solomon<uint8_t,8,2,1,1,ezpwd::gfpoly<8,285>>::decode_mask<uint16_t>(INP *,int,INP *,const std::vector<int,std::allocator<int>> &,std::vector<int,std::allocator<int>> *) const' being compiled
          with
          [
              INP=uint16_t
          ]
D:\KSA\R&E\DDDS_RandomAccessSystem\DDDS System\DNA_Editor\ezpwd\rs_base(781,6): message : see reference to function template instantiation 'int ezpwd::reed_solomon<uint8_t,8,2,1,1,ezpwd::gfpoly<8,285>>::decode_mask<uint16_t>(INP *,int,INP *,const std::vector<int,std::allocator<int>> &,std::vector<int,std::allocator<int>> *) const' being compiled
          with
          [
              INP=uint16_t
          ]
D:\KSA\R&E\DDDS_RandomAccessSystem\DDDS System\DNA_Editor\ezpwd\rs_base(777,1): message : while compiling class template member function 'int ezpwd::reed_solomon<uint8_t,8,2,1,1,ezpwd::gfpoly<8,285>>::decode(const std::pair<uint16_t *,uint16_t *> &,const std::pair<uint16_t *,uint16_t *> &,const std::vector<int,std::allocator<int>> &,std::vector<int,std::allocator<int>> *) const'
  Decoder.cpp
  Encoder.cpp
D:\KSA\R&E\DDDS_RandomAccessSystem\DDDS System\DNA_Editor\DNA_Editor\Encoder.cpp(54,26): warning C4244: 'initializing': conversion from 'double' to 'int', possible loss of data
D:\KSA\R&E\DDDS_RandomAccessSystem\DDDS System\DNA_Editor\DNA_Editor\Encoder.cpp(55,18): warning C4244: 'initializing': conversion from 'double' to 'int', possible loss of data
D:\KSA\R&E\DDDS_RandomAccessSystem\DDDS System\DNA_Editor\DNA_Editor\Encoder.cpp(65,38): warning C4267: 'initializing': conversion from 'size_t' to 'int', possible loss of data
D:\KSA\R&E\DDDS_RandomAccessSystem\DDDS System\DNA_Editor\ezpwd\rs_base(810,50): warning C4244: 'argument': conversion from '__int64' to 'int', possible loss of data
D:\KSA\R&E\DDDS_RandomAccessSystem\DDDS System\DNA_Editor\ezpwd\rs_base(806,1): message : while compiling class template member function 'int ezpwd::reed_solomon<uint8_t,8,2,1,1,ezpwd::gfpoly<8,285>>::decode(const std::pair<uint32_t *,uint32_t *> &,const std::pair<uint32_t *,uint32_t *> &,const std::vector<int,std::allocator<int>> &,std::vector<int,std::allocator<int>> *) const'
D:\KSA\R&E\DDDS_RandomAccessSystem\DDDS System\DNA_Editor\ezpwd\rs(80): message : see reference to class template instantiation 'ezpwd::reed_solomon<uint8_t,8,2,1,1,ezpwd::gfpoly<8,285>>' being compiled
D:\KSA\R&E\DDDS_RandomAccessSystem\DDDS System\DNA_Editor\DNA_Editor\Encoder.cpp(46,11): message : see reference to class template instantiation 'ezpwd::RS<255,253>' being compiled
D:\KSA\R&E\DDDS_RandomAccessSystem\DDDS System\DNA_Editor\ezpwd\rs_base(793,50): warning C4244: 'argument': conversion from '__int64' to 'int', possible loss of data
D:\KSA\R&E\DDDS_RandomAccessSystem\DDDS System\DNA_Editor\ezpwd\rs_base(792,1): message : while compiling class template member function 'int ezpwd::reed_solomon<uint8_t,8,2,1,1,ezpwd::gfpoly<8,285>>::decode(const std::pair<uint32_t *,uint32_t *> &,const std::vector<int,std::allocator<int>> &,std::vector<int,std::allocator<int>> *) const'
D:\KSA\R&E\DDDS_RandomAccessSystem\DDDS System\DNA_Editor\ezpwd\rs_base(781,50): warning C4244: 'argument': conversion from '__int64' to 'int', possible loss of data
D:\KSA\R&E\DDDS_RandomAccessSystem\DDDS System\DNA_Editor\ezpwd\rs_base(777,1): message : while compiling class template member function 'int ezpwd::reed_solomon<uint8_t,8,2,1,1,ezpwd::gfpoly<8,285>>::decode(const std::pair<uint16_t *,uint16_t *> &,const std::pair<uint16_t *,uint16_t *> &,const std::vector<int,std::allocator<int>> &,std::vector<int,std::allocator<int>> *) const'
D:\KSA\R&E\DDDS_RandomAccessSystem\DDDS System\DNA_Editor\ezpwd\rs_base(764,50): warning C4244: 'argument': conversion from '__int64' to 'int', possible loss of data
D:\KSA\R&E\DDDS_RandomAccessSystem\DDDS System\DNA_Editor\ezpwd\rs_base(763,1): message : while compiling class template member function 'int ezpwd::reed_solomon<uint8_t,8,2,1,1,ezpwd::gfpoly<8,285>>::decode(const std::pair<uint16_t *,uint16_t *> &,const std::vector<int,std::allocator<int>> &,std::vector<int,std::allocator<int>> *) const'
D:\KSA\R&E\DDDS_RandomAccessSystem\DDDS System\DNA_Editor\ezpwd\rs_base(752,50): warning C4244: 'argument': conversion from '__int64' to 'int', possible loss of data
D:\KSA\R&E\DDDS_RandomAccessSystem\DDDS System\DNA_Editor\ezpwd\rs_base(748,1): message : while compiling class template member function 'int ezpwd::reed_solomon<uint8_t,8,2,1,1,ezpwd::gfpoly<8,285>>::decode(const std::pair<uint8_t *,uint8_t *> &,const std::pair<uint8_t *,uint8_t *> &,const std::vector<int,std::allocator<int>> &,std::vector<int,std::allocator<int>> *) const'
D:\KSA\R&E\DDDS_RandomAccessSystem\DDDS System\DNA_Editor\ezpwd\rs_base(735,50): warning C4244: 'argument': conversion from '__int64' to 'int', possible loss of data
D:\KSA\R&E\DDDS_RandomAccessSystem\DDDS System\DNA_Editor\ezpwd\rs_base(734,1): message : while compiling class template member function 'int ezpwd::reed_solomon<uint8_t,8,2,1,1,ezpwd::gfpoly<8,285>>::decode(const std::pair<uint8_t *,uint8_t *> &,const std::vector<int,std::allocator<int>> &,std::vector<int,std::allocator<int>> *) const'
D:\KSA\R&E\DDDS_RandomAccessSystem\DDDS System\DNA_Editor\ezpwd\rs_base(678,50): warning C4244: 'argument': conversion from '__int64' to 'int', possible loss of data
D:\KSA\R&E\DDDS_RandomAccessSystem\DDDS System\DNA_Editor\ezpwd\rs_base(674,1): message : while compiling class template member function 'int ezpwd::reed_solomon<uint8_t,8,2,1,1,ezpwd::gfpoly<8,285>>::encode(const std::pair<const uint32_t *,const uint32_t *> &,const std::pair<uint32_t *,uint32_t *> &) const'
D:\KSA\R&E\DDDS_RandomAccessSystem\DDDS System\DNA_Editor\ezpwd\rs_base(665,63): warning C4244: 'argument': conversion from '__int64' to 'int', possible loss of data
D:\KSA\R&E\DDDS_RandomAccessSystem\DDDS System\DNA_Editor\ezpwd\rs_base(664,1): message : while compiling class template member function 'int ezpwd::reed_solomon<uint8_t,8,2,1,1,ezpwd::gfpoly<8,285>>::encode(const std::pair<uint32_t *,uint32_t *> &) const'
D:\KSA\R&E\DDDS_RandomAccessSystem\DDDS System\DNA_Editor\ezpwd\rs_base(657,50): warning C4244: 'argument': conversion from '__int64' to 'int', possible loss of data
D:\KSA\R&E\DDDS_RandomAccessSystem\DDDS System\DNA_Editor\ezpwd\rs_base(653,1): message : while compiling class template member function 'int ezpwd::reed_solomon<uint8_t,8,2,1,1,ezpwd::gfpoly<8,285>>::encode(const std::pair<const uint16_t *,const uint16_t *> &,const std::pair<uint16_t *,uint16_t *> &) const'
D:\KSA\R&E\DDDS_RandomAccessSystem\DDDS System\DNA_Editor\ezpwd\rs_base(644,63): warning C4244: 'argument': conversion from '__int64' to 'int', possible loss of data
D:\KSA\R&E\DDDS_RandomAccessSystem\DDDS System\DNA_Editor\ezpwd\rs_base(643,1): message : while compiling class template member function 'int ezpwd::reed_solomon<uint8_t,8,2,1,1,ezpwd::gfpoly<8,285>>::encode(const std::pair<uint16_t *,uint16_t *> &) const'
D:\KSA\R&E\DDDS_RandomAccessSystem\DDDS System\DNA_Editor\ezpwd\rs_base(636,50): warning C4244: 'argument': conversion from '__int64' to 'int', possible loss of data
D:\KSA\R&E\DDDS_RandomAccessSystem\DDDS System\DNA_Editor\ezpwd\rs_base(632,1): message : while compiling class template member function 'int ezpwd::reed_solomon<uint8_t,8,2,1,1,ezpwd::gfpoly<8,285>>::encode(const std::pair<const uint8_t *,const uint8_t *> &,const std::pair<uint8_t *,uint8_t *> &) const'
D:\KSA\R&E\DDDS_RandomAccessSystem\DDDS System\DNA_Editor\ezpwd\rs_base(623,63): warning C4244: 'argument': conversion from '__int64' to 'int', possible loss of data
D:\KSA\R&E\DDDS_RandomAccessSystem\DDDS System\DNA_Editor\ezpwd\rs_base(622,1): message : while compiling class template member function 'int ezpwd::reed_solomon<uint8_t,8,2,1,1,ezpwd::gfpoly<8,285>>::encode(const std::pair<uint8_t *,uint8_t *> &) const'
D:\KSA\R&E\DDDS_RandomAccessSystem\DDDS System\DNA_Editor\ezpwd\rs_base(886,1): warning C4267: 'argument': conversion from 'size_t' to 'int', possible loss of data
D:\KSA\R&E\DDDS_RandomAccessSystem\DDDS System\DNA_Editor\ezpwd\rs_base(811,1): message : see reference to function template instantiation 'int ezpwd::reed_solomon<uint8_t,8,2,1,1,ezpwd::gfpoly<8,285>>::decode_mask<uint32_t>(INP *,int,INP *,const std::vector<int,std::allocator<int>> &,std::vector<int,std::allocator<int>> *) const' being compiled
          with
          [
              INP=uint32_t
          ]
D:\KSA\R&E\DDDS_RandomAccessSystem\DDDS System\DNA_Editor\ezpwd\rs_base(810,6): message : see reference to function template instantiation 'int ezpwd::reed_solomon<uint8_t,8,2,1,1,ezpwd::gfpoly<8,285>>::decode_mask<uint32_t>(INP *,int,INP *,const std::vector<int,std::allocator<int>> &,std::vector<int,std::allocator<int>> *) const' being compiled
          with
          [
              INP=uint32_t
          ]
D:\KSA\R&E\DDDS_RandomAccessSystem\DDDS System\DNA_Editor\ezpwd\rs_base(806,1): message : while compiling class template member function 'int ezpwd::reed_solomon<uint8_t,8,2,1,1,ezpwd::gfpoly<8,285>>::decode(const std::pair<uint32_t *,uint32_t *> &,const std::pair<uint32_t *,uint32_t *> &,const std::vector<int,std::allocator<int>> &,std::vector<int,std::allocator<int>> *) const'
D:\KSA\R&E\DDDS_RandomAccessSystem\DDDS System\DNA_Editor\ezpwd\rs_base(862,32): warning C4244: '=': conversion from 'INP' to '_Ty', possible loss of data
          with
          [
              INP=uint16_t
          ]
          and
          [
              _Ty=uint8_t
          ]
D:\KSA\R&E\DDDS_RandomAccessSystem\DDDS System\DNA_Editor\ezpwd\rs_base(782,1): message : see reference to function template instantiation 'int ezpwd::reed_solomon<uint8_t,8,2,1,1,ezpwd::gfpoly<8,285>>::decode_mask<uint16_t>(INP *,int,INP *,const std::vector<int,std::allocator<int>> &,std::vector<int,std::allocator<int>> *) const' being compiled
          with
          [
              INP=uint16_t
          ]
D:\KSA\R&E\DDDS_RandomAccessSystem\DDDS System\DNA_Editor\ezpwd\rs_base(781,6): message : see reference to function template instantiation 'int ezpwd::reed_solomon<uint8_t,8,2,1,1,ezpwd::gfpoly<8,285>>::decode_mask<uint16_t>(INP *,int,INP *,const std::vector<int,std::allocator<int>> &,std::vector<int,std::allocator<int>> *) const' being compiled
          with
          [
              INP=uint16_t
          ]
D:\KSA\R&E\DDDS_RandomAccessSystem\DDDS System\DNA_Editor\ezpwd\rs_base(777,1): message : while compiling class template member function 'int ezpwd::reed_solomon<uint8_t,8,2,1,1,ezpwd::gfpoly<8,285>>::decode(const std::pair<uint16_t *,uint16_t *> &,const std::pair<uint16_t *,uint16_t *> &,const std::vector<int,std::allocator<int>> &,std::vector<int,std::allocator<int>> *) const'
  Main.cpp
  Generating code
  733 of 2855 functions (25.7%) were compiled, the rest were copied from previous compilation.
    2 functions were new in current compilation
    55 functions had inline decision re-evaluated but remain unchanged
  Finished generating code
  DNA_Editor.vcxproj -> D:\KSA\R&E\DDDS_RandomAccessSystem\DDDS System\DNA_Editor\x64\Release\DNA_Editor.exe
